#
# A fatal error has been detected by the Java Runtime Environment:
#
#  EXCEPTION_ACCESS_VIOLATION (0xc0000005) at pc=0x00007ff9ead8c1a6, pid=7244, tid=11688
#
# JRE version: OpenJDK Runtime Environment Temurin-21.0.3+9 (21.0.3+9) (build 21.0.3+9-LTS)
# Java VM: OpenJDK 64-Bit Server VM Temurin-21.0.3+9 (21.0.3+9-LTS, mixed mode, emulated-client, tiered, compressed oops, compressed class ptrs, g1 gc, windows-amd64)
# Problematic frame:
# V  [jvm.dll+0xc1a6]
#
# No core dump will be written. Minidumps are not enabled by default on client versions of Windows
#
# If you would like to submit a bug report, please visit:
#   https://github.com/adoptium/adoptium-support/issues
#

---------------  S U M M A R Y ------------

Command Line: -XX:+ShowCodeDetailsInExceptionMessages -agentlib:jdwp=transport=dt_socket,suspend=y,address=localhost:58542 -Dcom.sun.management.jmxremote -Dcom.sun.management.jmxremote.port=58540 -Dcom.sun.management.jmxremote.authenticate=false -Dcom.sun.management.jmxremote.ssl=false -Djava.rmi.server.hostname=localhost -Dspring.jmx.enabled=true -Dmanagement.endpoints.jmx.exposure.include=* -Dspring.application.admin.enabled=true -XX:TieredStopAtLevel=1 -Dspring.boot.project.name=food -javaagent:C:\Users\PRASANTH\Downloads\sts-4.24.0.RELEASE\configuration\org.eclipse.osgi\270\0\.cp\lib\javaagent-shaded.jar -Dfile.encoding=UTF-8 -Dstdout.encoding=UTF-8 -Dstderr.encoding=UTF-8 com.food.FoodApplication --spring.output.ansi.enabled=always

Host: AMD Ryzen 5 4600H with Radeon Graphics         , 12 cores, 7G,  Windows 11 , 64 bit Build 26100 (10.0.26100.6690)
Time: Sat Oct 25 02:44:23 2025 India Standard Time elapsed time: 1003.260332 seconds (0d 0h 16m 43s)

---------------  T H R E A D  ---------------

Current thread (0x0000019ff6f0f100):  WorkerThread "GC Thread#9"    [id=11688, stack(0x00000047e8e00000,0x00000047e8f00000) (1024K)]

Stack: [0x00000047e8e00000,0x00000047e8f00000],  sp=0x00000047e8efe1b8,  free space=1016k
Native frames: (J=compiled Java code, j=interpreted, Vv=VM code, C=native code)
V  [jvm.dll+0xc1a6]

JavaThread 0x0000019fff931a20 (nid = 12060) was being processed
Java frames: (J=compiled Java code, j=interpreted, Vv=VM code)
j  java.lang.invoke.DirectMethodHandle$Holder.newInvokeSpecial(Ljava/lang/Object;)Ljava/lang/Object;+15 java.base@21.0.3
J 900 c1 jdk.internal.reflect.DirectConstructorHandleAccessor.newInstance([Ljava/lang/Object;)Ljava/lang/Object; java.base@21.0.3 (130 bytes) @ 0x0000019fe9d2d234 [0x0000019fe9d2d060+0x00000000000001d4]
J 899 c1 java.lang.reflect.Constructor.newInstanceWithCaller([Ljava/lang/Object;ZLjava/lang/Class;)Ljava/lang/Object; java.base@21.0.3 (51 bytes) @ 0x0000019fe9c9e5bc [0x0000019fe9c9e4e0+0x00000000000000dc]
J 902 c1 java.lang.reflect.Constructor.newInstance([Ljava/lang/Object;)Ljava/lang/Object; java.base@21.0.3 (34 bytes) @ 0x0000019fe9d309f4 [0x0000019fe9d30940+0x00000000000000b4]
j  org.hibernate.metamodel.internal.EntityInstantiatorPojoStandard.instantiate(Lorg/hibernate/engine/spi/SessionFactoryImplementor;)Ljava/lang/Object;+51
j  org.hibernate.persister.entity.AbstractEntityPersister.lambda$prepareMappingModel$14(Lorg/hibernate/metamodel/spi/EntityInstantiator;Lorg/hibernate/engine/spi/SessionFactoryImplementor;)Ljava/lang/Object;+2
j  org.hibernate.persister.entity.AbstractEntityPersister$$Lambda+0x00000001008ad620.get()Ljava/lang/Object;+8
j  org.hibernate.internal.util.LazyValue.getValue()Ljava/lang/Object;+11
j  org.hibernate.persister.entity.AbstractEntityPersister$$Lambda+0x00000001008ad840.get()Ljava/lang/Object;+4
j  org.hibernate.engine.internal.UnsavedValueFactory.getUnsavedIdentifierValue(Lorg/hibernate/mapping/KeyValue;Lorg/hibernate/type/descriptor/java/JavaType;Lorg/hibernate/property/access/spi/Getter;Ljava/util/function/Supplier;)Lorg/hibernate/engine/spi/IdentifierValue;+22
j  org.hibernate.metamodel.mapping.internal.BasicEntityIdentifierMappingImpl.<init>(Lorg/hibernate/persister/entity/EntityPersister;Ljava/util/function/Supplier;Ljava/lang/String;Ljava/lang/String;Ljava/lang/String;Ljava/lang/String;Ljava/lang/Long;Ljava/lang/Integer;Ljava/lang/Integer;ZZLorg/hibernate/type/BasicType;Lorg/hibernate/metamodel/mapping/internal/MappingModelCreationProcess;)V+178
j  org.hibernate.persister.entity.AbstractEntityPersister.generateIdentifierMapping(Ljava/util/function/Supplier;Lorg/hibernate/mapping/PersistentClass;Lorg/hibernate/metamodel/mapping/internal/MappingModelCreationProcess;)Lorg/hibernate/metamodel/mapping/EntityIdentifierMapping;+209
j  org.hibernate.persister.entity.AbstractEntityPersister.lambda$prepareMappingModel$15(Ljava/util/function/Supplier;Lorg/hibernate/mapping/PersistentClass;Ljava/lang/String;Lorg/hibernate/metamodel/mapping/internal/MappingModelCreationProcess;)Lorg/hibernate/metamodel/mapping/EntityIdentifierMapping;+5
j  org.hibernate.persister.entity.AbstractEntityPersister$$Lambda+0x00000001008adc58.produceSubMapping(Ljava/lang/String;Lorg/hibernate/metamodel/mapping/internal/MappingModelCreationProcess;)Ljava/lang/Object;+14
j  org.hibernate.metamodel.mapping.internal.MappingModelCreationProcess.processSubPart(Ljava/lang/String;Lorg/hibernate/metamodel/mapping/internal/MappingModelCreationProcess$SubPartMappingProducer;)Lorg/hibernate/metamodel/mapping/ModelPart;+46
j  org.hibernate.persister.entity.AbstractEntityPersister.prepareMappingModel(Lorg/hibernate/metamodel/mapping/internal/MappingModelCreationProcess;Lorg/hibernate/mapping/PersistentClass;)V+72
j  org.hibernate.persister.entity.AbstractEntityPersister.prepareMappingModel(Lorg/hibernate/metamodel/mapping/internal/MappingModelCreationProcess;)V+149
j  org.hibernate.metamodel.mapping.internal.MappingModelCreationProcess.execute()V+96
j  org.hibernate.metamodel.mapping.internal.MappingModelCreationProcess.process(Lorg/hibernate/metamodel/model/domain/internal/EntityPersisterConcurrentMap;Lorg/hibernate/metamodel/spi/RuntimeModelCreationContext;)V+11
j  org.hibernate.metamodel.model.domain.internal.MappingMetamodelImpl.finishInitialization(Lorg/hibernate/metamodel/spi/RuntimeModelCreationContext;)V+112
j  org.hibernate.internal.SessionFactoryImpl.initializeMappingModel(Lorg/hibernate/metamodel/model/domain/internal/MappingMetamodelImpl;Lorg/hibernate/boot/spi/BootstrapContext;Lorg/hibernate/boot/spi/MetadataImplementor;Lorg/hibernate/boot/spi/SessionFactoryOptions;)V+18
j  org.hibernate.internal.SessionFactoryImpl.<init>(Lorg/hibernate/boot/spi/MetadataImplementor;Lorg/hibernate/boot/spi/SessionFactoryOptions;Lorg/hibernate/boot/spi/BootstrapContext;)V+599
j  org.hibernate.boot.internal.SessionFactoryBuilderImpl.build()Lorg/hibernate/SessionFactory;+16
j  org.hibernate.jpa.boot.internal.EntityManagerFactoryBuilderImpl.build()Ljakarta/persistence/EntityManagerFactory;+22
j  org.springframework.orm.jpa.vendor.SpringHibernateJpaPersistenceProvider.createContainerEntityManagerFactory(Ljakarta/persistence/spi/PersistenceUnitInfo;Ljava/util/Map;)Ljakarta/persistence/EntityManagerFactory;+59
j  org.springframework.orm.jpa.LocalContainerEntityManagerFactoryBean.createNativeEntityManagerFactory()Ljakarta/persistence/EntityManagerFactory;+111
j  org.springframework.orm.jpa.AbstractEntityManagerFactoryBean.buildNativeEntityManagerFactory()Ljakarta/persistence/EntityManagerFactory;+1
j  org.springframework.orm.jpa.AbstractEntityManagerFactoryBean.afterPropertiesSet()V+192
j  org.springframework.orm.jpa.LocalContainerEntityManagerFactoryBean.afterPropertiesSet()V+81
J 8298 c1 org.springframework.beans.factory.support.AbstractAutowireCapableBeanFactory.invokeInitMethods(Ljava/lang/String;Ljava/lang/Object;Lorg/springframework/beans/factory/support/RootBeanDefinition;)V (161 bytes) @ 0x0000019fe9cf51b4 [0x0000019fe9cf4f00+0x00000000000002b4]
J 8296 c1 org.springframework.beans.factory.support.AbstractAutowireCapableBeanFactory.initializeBean(Ljava/lang/String;Ljava/lang/Object;Lorg/springframework/beans/factory/support/RootBeanDefinition;)Ljava/lang/Object; (93 bytes) @ 0x0000019fe9cf8004 [0x0000019fe9cf7f20+0x00000000000000e4]
J 6637 c1 org.springframework.beans.factory.support.AbstractAutowireCapableBeanFactory.doCreateBean(Ljava/lang/String;Lorg/springframework/beans/factory/support/RootBeanDefinition;[Ljava/lang/Object;)Ljava/lang/Object; (465 bytes) @ 0x0000019fea6b0704 [0x0000019fea6b0100+0x0000000000000604]
J 6636 c1 org.springframework.beans.factory.support.AbstractAutowireCapableBeanFactory.createBean(Ljava/lang/String;Lorg/springframework/beans/factory/support/RootBeanDefinition;[Ljava/lang/Object;)Ljava/lang/Object; (214 bytes) @ 0x0000019fea6ad36c [0x0000019fea6acec0+0x00000000000004ac]
J 8304 c1 org.springframework.beans.factory.support.AbstractBeanFactory$$Lambda+0x00000001003440d8.getObject()Ljava/lang/Object; (20 bytes) @ 0x0000019fe9cf372c [0x0000019fe9cf36a0+0x000000000000008c]
J 6635 c1 org.springframework.beans.factory.support.DefaultSingletonBeanRegistry.getSingleton(Ljava/lang/String;Lorg/springframework/beans/factory/ObjectFactory;)Ljava/lang/Object; (1299 bytes) @ 0x0000019fea6b8754 [0x0000019fea6b7600+0x0000000000001154]
J 3310 c1 org.springframework.beans.factory.support.AbstractBeanFactory.doGetBean(Ljava/lang/String;Ljava/lang/Class;[Ljava/lang/Object;Z)Ljava/lang/Object; (787 bytes) @ 0x0000019fea1db8dc [0x0000019fea1db2a0+0x000000000000063c]
J 3314 c1 org.springframework.beans.factory.support.AbstractBeanFactory.getBean(Ljava/lang/String;Ljava/lang/Class;)Ljava/lang/Object; (9 bytes) @ 0x0000019fea1d9434 [0x0000019fea1d93c0+0x0000000000000074]
j  org.springframework.context.support.AbstractApplicationContext.finishBeanFactoryInitialization(Lorg/springframework/beans/factory/config/ConfigurableListableBeanFactory;)V+226
j  org.springframework.context.support.AbstractApplicationContext.refresh()V+94
j  org.springframework.boot.web.servlet.context.ServletWebServerApplicationContext.refresh()V+1
j  org.springframework.boot.SpringApplication.refresh(Lorg/springframework/context/ConfigurableApplicationContext;)V+1
j  org.springframework.boot.SpringApplication.refreshContext(Lorg/springframework/context/ConfigurableApplicationContext;)V+19
j  org.springframework.boot.SpringApplication.run([Ljava/lang/String;)Lorg/springframework/context/ConfigurableApplicationContext;+113
j  org.springframework.boot.SpringApplication.run([Ljava/lang/Class;[Ljava/lang/String;)Lorg/springframework/context/ConfigurableApplicationContext;+9
j  org.springframework.boot.SpringApplication.run(Ljava/lang/Class;[Ljava/lang/String;)Lorg/springframework/context/ConfigurableApplicationContext;+9
j  com.food.FoodApplication.main([Ljava/lang/String;)V+3
j  java.lang.invoke.LambdaForm$DMH+0x00000001000c4c00.invokeStatic(Ljava/lang/Object;Ljava/lang/Object;)V+10 java.base@21.0.3
j  java.lang.invoke.LambdaForm$MH+0x0000000100a8a000.invoke(Ljava/lang/Object;Ljava/lang/Object;Ljava/lang/Object;)Ljava/lang/Object;+33 java.base@21.0.3
J 3946 c1 jdk.internal.reflect.DirectMethodHandleAccessor.invoke(Ljava/lang/Object;[Ljava/lang/Object;)Ljava/lang/Object; java.base@21.0.3 (92 bytes) @ 0x0000019fea2d94ac [0x0000019fea2d91a0+0x000000000000030c]
J 3950 c1 java.lang.reflect.Method.invoke(Ljava/lang/Object;[Ljava/lang/Object;)Ljava/lang/Object; java.base@21.0.3 (108 bytes) @ 0x0000019fea2d76ec [0x0000019fea2d7500+0x00000000000001ec]
j  org.springframework.boot.devtools.restart.RestartLauncher.run()V+47
v  ~StubRoutines::call_stub 0x0000019fe999100d

siginfo: EXCEPTION_ACCESS_VIOLATION (0xc0000005), reading address 0x0000000791f39bc0


Registers:
RAX=0x0000000000000000, RBX=0x0000000000000006, RCX=0x00000047e6bfd390, RDX=0x00000047e6bfd390
RSP=0x00000047e8efe1b8, RBP=0x00000047e8efe390, RSI=0x00000047e8efe560, RDI=0x00000047e6bfd390
R8 =0x0000000791f39bb8, R9 =0x00000047e6bfd390, R10=0x0000019fe9990000, R11=0x00000047e8efe408
R12=0x0000019ff6117468, R13=0x00000047e6bfd390, R14=0x0000019fff782550, R15=0x0000000791f39bb8
RIP=0x00007ff9ead8c1a6, EFLAGS=0x0000000000010206


Register to memory mapping:

RAX=0x0 is null
RBX=0x0000000000000006 is an unknown value
RCX=0x00000047e6bfd390 is pointing into the stack for thread: 0x0000019fff931a20
RDX=0x00000047e6bfd390 is pointing into the stack for thread: 0x0000019fff931a20
RSP=0x00000047e8efe1b8 points into unknown readable memory: 0x00007ff9eb0d440b | 0b 44 0d eb f9 7f 00 00
RBP=0x00000047e8efe390 points into unknown readable memory: 0x0000004700000000 | 00 00 00 00 47 00 00 00
RSI=0x00000047e8efe560 points into unknown readable memory: 0x00000047e6bfd388 | 88 d3 bf e6 47 00 00 00
RDI=0x00000047e6bfd390 is pointing into the stack for thread: 0x0000019fff931a20
R8 =0x0000000791f39bb8 is an unknown value
R9 =0x00000047e6bfd390 is pointing into the stack for thread: 0x0000019fff931a20
R10=0x0000019fe9990000 points into unknown readable memory: 0x0000000000000006 | 06 00 00 00 00 00 00 00
R11=0x00000047e8efe408 points into unknown readable memory: 0x00007ff9eb0929ad | ad 29 09 eb f9 7f 00 00
R12=0x0000019ff6117468 points into unknown readable memory: 0x4c2800322cabffff | ff ff ab 2c 32 00 28 4c
R13=0x00000047e6bfd390 is pointing into the stack for thread: 0x0000019fff931a20
R14=0x0000019fff782550 points into unknown readable memory: 0x00007ff9eb7a1878 | 78 18 7a eb f9 7f 00 00
R15=0x0000000791f39bb8 is an unknown value

Top of Stack: (sp=0x00000047e8efe1b8)
0x00000047e8efe1b8:   00007ff9eb0d440b 0000019fe5f36670
0x00000047e8efe1c8:   00007ff9eb417013 000000000000012f
0x00000047e8efe1d8:   00007ff9eb4372ef 000000000000012f
0x00000047e8efe1e8:   0000000000000013 0000019ff6c21348
0x00000047e8efe1f8:   00007ff9eb5116c1 0000000000000009
0x00000047e8efe208:   0000000000000008 0000019fff3b1f78
0x00000047e8efe218:   0000000000000000 0000019ff6ccb220
0x00000047e8efe228:   0000019ff6c20f60 0000019ff6117468
0x00000047e8efe238:   00000047e6bfd390 00000047e8efe560
0x00000047e8efe248:   00000047e8efe390 0000019fff3b1f78
0x00000047e8efe258:   00007ff9eb0e2a14 00000047e8efe320
0x00000047e8efe268:   00000047e8efe560 0000019ff1cf30d8
0x00000047e8efe278:   0000000000000000 0000019fff3b1f78
0x00000047e8efe288:   00007ff9eb092f5b 0000000000000001
0x00000047e8efe298:   0000019ff23e7388 0000019fff3b1f78
0x00000047e8efe2a8:   00000047e8efe560 0000000fe9ee6701
0x00000047e8efe2b8:   0000019ff23e7388 0000019ff6f0f100
0x00000047e8efe2c8:   0000019f00000003 00000000000003d8
0x00000047e8efe2d8:   0000019ff6c20f70 0000019ff6c21348
0x00000047e8efe2e8:   0000019ff23e7377 0000019f000000b8
0x00000047e8efe2f8:   0000019ff23e7388 00007ff9eb798fa0
0x00000047e8efe308:   00000047e8efe560 0000019fff3b1f78
0x00000047e8efe318:   0000000400000003 0000019ff6117468
0x00000047e8efe328:   0000001300000001 0000000000000032
0x00000047e8efe338:   000000010000000c 0000019ff1cf30d8
0x00000047e8efe348:   0000000000000000 0000019fff26d554
0x00000047e8efe358:   00008d7900000006 0000000500000003
0x00000047e8efe368:   0000ffff0968e300 00007ff9eb5d4c70
0x00000047e8efe378:   0000019fff3b2e78 0000019ff204da60
0x00000047e8efe388:   00000006f6c20013 0000004700000000
0x00000047e8efe398:   0000000000000015 0000019fff3b1f78
0x00000047e8efe3a8:   00007ff9eb0e2a6e 0000000000000000 

Instructions: (pc=0x00007ff9ead8c1a6)
0x00007ff9ead8c0a6:   48 8b 05 c3 32 cc 00 48 8b 48 60 48 8b 04 d1 48
0x00007ff9ead8c0b6:   85 c0 75 08 48 8b 05 b7 32 cc 00 c3 48 8b 05 a7
0x00007ff9ead8c0c6:   32 cc 00 c3 cc cc cc cc cc cc 8b 05 e2 0e c1 00
0x00007ff9ead8c0d6:   c3 cc cc cc cc cc cc cc cc cc 0f b6 05 33 25 c1
0x00007ff9ead8c0e6:   00 48 8b d1 84 c0 74 16 44 8b 41 08 8b 0d c0 0e
0x00007ff9ead8c0f6:   c1 00 49 d3 e0 4c 03 05 ae 0e c1 00 eb 04 4c 8b
0x00007ff9ead8c106:   41 08 45 8b 48 08 45 85 c9 7e 0e 41 f6 c1 01 75
0x00007ff9ead8c116:   53 41 c1 f9 03 49 63 c1 c3 79 49 84 c0 41 b8 0c
0x00007ff9ead8c126:   00 00 00 8b 05 f9 1f c1 00 b9 10 00 00 00 41 0f
0x00007ff9ead8c136:   45 c8 ff c8 4c 63 c0 41 8b c1 48 c1 f8 10 0f b6
0x00007ff9ead8c146:   c0 48 63 14 11 41 8b c9 83 e1 3f 48 d3 e2 49 8d
0x00007ff9ead8c156:   0c 10 49 f7 d0 48 03 c1 49 c1 e8 03 48 c1 e8 03
0x00007ff9ead8c166:   49 23 c0 c3 49 8b 00 49 8b c8 48 ff a0 00 01 00
0x00007ff9ead8c176:   00 cc cc cc cc cc cc cc cc cc 8b 44 24 30 45 03
0x00007ff9ead8c186:   c9 44 2b 4c 24 28 83 c0 0b 44 03 ca 45 03 c8 41
0x00007ff9ead8c196:   03 c1 c3 cc cc cc cc cc cc cc 4c 8b c2 48 8b d1
0x00007ff9ead8c1a6:   45 8b 48 08 45 85 c9 7e 0e 41 f6 c1 01 75 56 41
0x00007ff9ead8c1b6:   c1 f9 03 49 63 c1 c3 79 4c 80 3d 54 24 c1 00 00
0x00007ff9ead8c1c6:   b8 0c 00 00 00 b9 10 00 00 00 0f 45 c8 8b 05 4f
0x00007ff9ead8c1d6:   1f c1 00 ff c8 4c 63 c0 41 8b c1 48 c1 f8 10 48
0x00007ff9ead8c1e6:   63 14 11 41 8b c9 83 e1 3f 0f b6 c0 48 d3 e2 49
0x00007ff9ead8c1f6:   8d 0c 10 49 f7 d0 48 03 c1 49 c1 e8 03 48 c1 e8
0x00007ff9ead8c206:   03 49 23 c0 c3 49 8b 00 49 8b c8 48 ff a0 00 01
0x00007ff9ead8c216:   00 00 cc cc cc cc cc cc cc cc 48 8b 41 08 0f b7
0x00007ff9ead8c226:   48 2c 0f b7 40 2a 83 c0 48 03 c1 c3 cc cc cc cc
0x00007ff9ead8c236:   cc cc cc cc cc cc cc cc cc cc 48 89 5c 24 08 57
0x00007ff9ead8c246:   48 83 ec 20 0f b6 05 6f 1a cc 00 48 8b fa 48 8b
0x00007ff9ead8c256:   d9 84 c0 74 4f 48 85 15 16 12 cc 00 74 38 48 8b
0x00007ff9ead8c266:   ca e8 a4 6b 8c 00 48 8b d0 48 85 db 74 25 48 85
0x00007ff9ead8c276:   c0 74 20 48 8b c7 f0 48 0f b1 13 74 16 48 85 05
0x00007ff9ead8c286:   ee 11 cc 00 74 0d 48 8b c8 f0 48 0f b1 13 48 3b
0x00007ff9ead8c296:   c1 75 ea 48 8b fa 48 8b c7 48 8b 5c 24 30 48 83 


Stack slot to memory mapping:

stack at sp + 0 slots: 0x00007ff9eb0d440b jvm.dll
stack at sp + 1 slots: 0x0000019fe5f36670 points into unknown readable memory: 0x0000000000000000 | 00 00 00 00 00 00 00 00
stack at sp + 2 slots: 0x00007ff9eb417013 jvm.dll
stack at sp + 3 slots: 0x000000000000012f is an unknown value
stack at sp + 4 slots: 0x00007ff9eb4372ef jvm.dll
stack at sp + 5 slots: 0x000000000000012f is an unknown value
stack at sp + 6 slots: 0x0000000000000013 is an unknown value
stack at sp + 7 slots: 0x0000019ff6c21348 points into unknown readable memory: 0x800003745ec89812 | 12 98 c8 5e 74 03 00 80


---------------  P R O C E S S  ---------------

Threads class SMR info:
_java_thread_list=0x0000019fff81b950, length=29, elements={
0x0000019ff60aa020, 0x0000019ff60aa690, 0x0000019ff60b4dd0, 0x0000019ff60b5830,
0x0000019ff60b6290, 0x0000019ff608c4a0, 0x0000019ff6081fc0, 0x0000019ff61a0e50,
0x0000019ff632af20, 0x0000019ff6332ad0, 0x0000019ff6333150, 0x0000019ff6b49e40,
0x0000019ff6e65550, 0x0000019ff6e7d390, 0x0000019ff6f3e500, 0x0000019ff73edc80,
0x0000019ff6f09580, 0x0000019ff7187650, 0x0000019ff7430b60, 0x0000019ff9f61af0,
0x0000019ff9f67d60, 0x0000019fff934810, 0x0000019fff934ea0, 0x0000019fff936f70,
0x0000019fff931a20, 0x0000019fff9320b0, 0x0000019fff935530, 0x0000019fff935bc0,
0x0000019fff934180
}

Java Threads: ( => current thread )
  0x0000019ff60aa020 JavaThread "Reference Handler"          daemon [_thread_blocked, id=10136, stack(0x00000047e7500000,0x00000047e7600000) (1024K)]
  0x0000019ff60aa690 JavaThread "Finalizer"                  daemon [_thread_blocked, id=1436, stack(0x00000047e7600000,0x00000047e7700000) (1024K)]
  0x0000019ff60b4dd0 JavaThread "Signal Dispatcher"          daemon [_thread_blocked, id=18072, stack(0x00000047e7700000,0x00000047e7800000) (1024K)]
  0x0000019ff60b5830 JavaThread "Attach Listener"            daemon [_thread_blocked, id=5060, stack(0x00000047e7800000,0x00000047e7900000) (1024K)]
  0x0000019ff60b6290 JavaThread "Service Thread"             daemon [_thread_blocked, id=12696, stack(0x00000047e7900000,0x00000047e7a00000) (1024K)]
  0x0000019ff608c4a0 JavaThread "Monitor Deflation Thread"   daemon [_thread_blocked, id=10288, stack(0x00000047e7a00000,0x00000047e7b00000) (1024K)]
  0x0000019ff6081fc0 JavaThread "C1 CompilerThread0"         daemon [_thread_blocked, id=2428, stack(0x00000047e7b00000,0x00000047e7c00000) (1024K)]
  0x0000019ff61a0e50 JavaThread "Common-Cleaner"             daemon [_thread_blocked, id=13648, stack(0x00000047e7c00000,0x00000047e7d00000) (1024K)]
  0x0000019ff632af20 JavaThread "JDWP Transport Listener: dt_socket" daemon [_thread_blocked, id=3288, stack(0x00000047e7e00000,0x00000047e7f00000) (1024K)]
  0x0000019ff6332ad0 JavaThread "JDWP Event Helper Thread"   daemon [_thread_blocked, id=3068, stack(0x00000047e7f00000,0x00000047e8000000) (1024K)]
  0x0000019ff6333150 JavaThread "JDWP Command Reader"        daemon [_thread_in_native, id=752, stack(0x00000047e8000000,0x00000047e8100000) (1024K)]
  0x0000019ff6b49e40 JavaThread "Notification Thread"        daemon [_thread_blocked, id=6860, stack(0x00000047e8100000,0x00000047e8200000) (1024K)]
  0x0000019ff6e65550 JavaThread "RMI TCP Accept-0"           daemon [_thread_in_native, id=10468, stack(0x00000047e8400000,0x00000047e8500000) (1024K)]
  0x0000019ff6e7d390 JavaThread "RMI TCP Accept-58540"       daemon [_thread_in_native, id=15700, stack(0x00000047e8500000,0x00000047e8600000) (1024K)]
  0x0000019ff6f3e500 JavaThread "RMI TCP Accept-0"           daemon [_thread_in_native, id=2768, stack(0x00000047e8f00000,0x00000047e9000000) (1024K)]
  0x0000019ff73edc80 JavaThread "RMI Scheduler(0)"           daemon [_thread_blocked, id=9212, stack(0x00000047e9100000,0x00000047e9200000) (1024K)]
  0x0000019ff6f09580 JavaThread "RMI TCP Connection(idle)"   daemon [_thread_blocked, id=4864, stack(0x00000047e9200000,0x00000047e9300000) (1024K)]
  0x0000019ff7187650 JavaThread "JMX server connection timeout 40" daemon [_thread_blocked, id=7276, stack(0x00000047e9300000,0x00000047e9400000) (1024K)]
  0x0000019ff7430b60 JavaThread "mysql-cj-abandoned-connection-cleanup" daemon [_thread_blocked, id=12532, stack(0x00000047e9b00000,0x00000047e9c00000) (1024K)]
  0x0000019ff9f61af0 JavaThread "Live Reload Server"         daemon [_thread_in_native, id=12644, stack(0x00000047ea100000,0x00000047ea200000) (1024K)]
  0x0000019ff9f67d60 JavaThread "DestroyJavaVM"                     [_thread_blocked, id=5920, stack(0x00000047e6d00000,0x00000047e6e00000) (1024K)]
  0x0000019fff934810 JavaThread "File Watcher"               daemon [_thread_blocked, id=4520, stack(0x00000047e6c00000,0x00000047e6d00000) (1024K)]
  0x0000019fff934ea0 JavaThread "File Watcher"               daemon [_thread_blocked, id=14752, stack(0x00000047e7d00000,0x00000047e7e00000) (1024K)]
  0x0000019fff936f70 JavaThread "Thread-69"                         [_thread_blocked, id=14836, stack(0x00000047e6a00000,0x00000047e6b00000) (1024K)]
  0x0000019fff931a20 JavaThread "restartedMain"                     [_thread_blocked, id=12060, stack(0x00000047e6b00000,0x00000047e6c00000) (1024K)]
  0x0000019fff9320b0 JavaThread "Catalina-utility-1"                [_thread_blocked, id=2336, stack(0x00000047e8200000,0x00000047e8300000) (1024K)]
  0x0000019fff935530 JavaThread "Catalina-utility-2"                [_thread_blocked, id=6760, stack(0x00000047e8300000,0x00000047e8400000) (1024K)]
  0x0000019fff935bc0 JavaThread "container-2"                       [_thread_blocked, id=15772, stack(0x00000047e9000000,0x00000047e9100000) (1024K)]
  0x0000019fff934180 JavaThread "HikariPool-19:housekeeper"  daemon [_thread_blocked, id=17616, stack(0x00000047e9400000,0x00000047e9500000) (1024K)]
Total: 29

Other Threads:
  0x0000019fe3b48cb0 VMThread "VM Thread"                           [id=11044, stack(0x00000047e7400000,0x00000047e7500000) (1024K)]
  0x0000019ff1dd0860 WatcherThread "VM Periodic Task Thread"        [id=17892, stack(0x00000047e7300000,0x00000047e7400000) (1024K)]
  0x0000019fe3b48570 WorkerThread "GC Thread#0"                     [id=7724, stack(0x00000047e6e00000,0x00000047e6f00000) (1024K)]
  0x0000019fe3b47e30 WorkerThread "GC Thread#1"                     [id=8980, stack(0x00000047e8600000,0x00000047e8700000) (1024K)]
  0x0000019ff6f0d060 WorkerThread "GC Thread#2"                     [id=14888, stack(0x00000047e8700000,0x00000047e8800000) (1024K)]
  0x0000019ff6f0e280 WorkerThread "GC Thread#3"                     [id=1916, stack(0x00000047e8800000,0x00000047e8900000) (1024K)]
  0x0000019ff6f0e9c0 WorkerThread "GC Thread#4"                     [id=13048, stack(0x00000047e8900000,0x00000047e8a00000) (1024K)]
  0x0000019ff6f0c920 WorkerThread "GC Thread#5"                     [id=2180, stack(0x00000047e8a00000,0x00000047e8b00000) (1024K)]
  0x0000019ff6f0c1e0 WorkerThread "GC Thread#6"                     [id=8116, stack(0x00000047e8b00000,0x00000047e8c00000) (1024K)]
  0x0000019ff6f0db40 WorkerThread "GC Thread#7"                     [id=10380, stack(0x00000047e8c00000,0x00000047e8d00000) (1024K)]
  0x0000019ff6f0ed60 WorkerThread "GC Thread#8"                     [id=9304, stack(0x00000047e8d00000,0x00000047e8e00000) (1024K)]
=>0x0000019ff6f0f100 WorkerThread "GC Thread#9"                     [id=11688, stack(0x00000047e8e00000,0x00000047e8f00000) (1024K)]
  0x0000019fe5f001a0 ConcurrentGCThread "G1 Main Marker"            [id=6656, stack(0x00000047e6f00000,0x00000047e7000000) (1024K)]
  0x0000019fe3b48910 WorkerThread "G1 Conc#0"                       [id=8488, stack(0x00000047e7000000,0x00000047e7100000) (1024K)]
  0x0000019ff6f0d7a0 WorkerThread "G1 Conc#1"                       [id=9840, stack(0x00000047e9600000,0x00000047e9700000) (1024K)]
  0x0000019ff6f0d400 WorkerThread "G1 Conc#2"                       [id=11756, stack(0x00000047e9700000,0x00000047e9800000) (1024K)]
  0x0000019fe5f4e870 ConcurrentGCThread "G1 Refine#0"               [id=3696, stack(0x00000047e7100000,0x00000047e7200000) (1024K)]
  0x0000019ff1ca3570 ConcurrentGCThread "G1 Service"                [id=4496, stack(0x00000047e7200000,0x00000047e7300000) (1024K)]
Total: 18

Threads with active compile tasks:
Total: 0

VM state: at safepoint (normal execution)

VM Mutex/Monitor currently owned by a thread:  ([mutex/lock_event])
[0x00007ff9eba22128] Threads_lock - owner thread: 0x0000019fe3b48cb0
[0x00007ff9eba22228] Heap_lock - owner thread: 0x0000019fff934810

Heap address: 0x000000008a200000, size: 1886 MB, Compressed Oops mode: 32-bit

CDS archive(s) not mapped
Compressed class space mapped at: 0x0000000100000000-0x0000000140000000, reserved size: 1073741824
Narrow klass base: 0x0000000000000000, Narrow klass shift: 3, Narrow klass range: 0x140000000

GC Precious Log:
 CardTable entry size: 512
 Card Set container configuration: InlinePtr #cards 5 size 8 Array Of Cards #cards 12 size 40 Howl #buckets 4 coarsen threshold 1843 Howl Bitmap #cards 512 size 80 coarsen threshold 460 Card regions per heap region 1 cards per card region 2048
 CPUs: 12 total, 12 available
 Memory: 7539M
 Large Page Support: Disabled
 NUMA Support: Disabled
 Compressed Oops: Enabled (32-bit)
 Heap Region Size: 1M
 Heap Min Capacity: 8M
 Heap Initial Capacity: 118M
 Heap Max Capacity: 1886M
 Pre-touch: Disabled
 Parallel Workers: 10
 Concurrent Workers: 3
 Concurrent Refinement Workers: 10
 Periodic GC: Disabled

Heap:
 garbage-first heap   total 109568K, used 92197K [0x000000008a200000, 0x0000000100000000)
  region size 1024K, 52 young (53248K), 2 survivors (2048K)
 Metaspace       used 99511K, committed 100480K, reserved 1179648K
  class space    used 12625K, committed 13056K, reserved 1048576K

Heap Regions: E=young(eden), S=young(survivor), O=old, HS=humongous(starts), HC=humongous(continues), CS=collection set, F=free, TAMS=top-at-mark-start, PB=parsable bottom
|   0|0x000000008a200000, 0x000000008a300000, 0x000000008a300000|100%|HS|  |TAMS 0x000000008a200000| PB 0x000000008a200000| Untracked 
|   1|0x000000008a300000, 0x000000008a400000, 0x000000008a400000|100%|HS|  |TAMS 0x000000008a300000| PB 0x000000008a300000| Untracked 
|   2|0x000000008a400000, 0x000000008a4faf98, 0x000000008a500000| 98%| O|  |TAMS 0x000000008a400000| PB 0x000000008a400000| Untracked 
|   3|0x000000008a500000, 0x000000008a600000, 0x000000008a600000|100%| O|  |TAMS 0x000000008a500000| PB 0x000000008a500000| Untracked 
|   4|0x000000008a600000, 0x000000008a6fffe8, 0x000000008a700000| 99%| O|  |TAMS 0x000000008a600000| PB 0x000000008a600000| Untracked 
|   5|0x000000008a700000, 0x000000008a7ffff0, 0x000000008a800000| 99%| O|  |TAMS 0x000000008a700000| PB 0x000000008a700000| Untracked 
|   6|0x000000008a800000, 0x000000008a8fffe8, 0x000000008a900000| 99%| O|  |TAMS 0x000000008a800000| PB 0x000000008a800000| Untracked 
|   7|0x000000008a900000, 0x000000008aa00000, 0x000000008aa00000|100%| O|  |TAMS 0x000000008a900000| PB 0x000000008a900000| Untracked 
|   8|0x000000008aa00000, 0x000000008aaffff8, 0x000000008ab00000| 99%| O|  |TAMS 0x000000008aa00000| PB 0x000000008aa00000| Untracked 
|   9|0x000000008ab00000, 0x000000008abffff8, 0x000000008ac00000| 99%| O|  |TAMS 0x000000008ab00000| PB 0x000000008ab00000| Untracked 
|  10|0x000000008ac00000, 0x000000008ad00000, 0x000000008ad00000|100%| O|  |TAMS 0x000000008ac00000| PB 0x000000008ac00000| Untracked 
|  11|0x000000008ad00000, 0x000000008adffff8, 0x000000008ae00000| 99%| O|  |TAMS 0x000000008ad00000| PB 0x000000008ad00000| Untracked 
|  12|0x000000008ae00000, 0x000000008aefffa8, 0x000000008af00000| 99%| O|  |TAMS 0x000000008ae00000| PB 0x000000008ae00000| Untracked 
|  13|0x000000008af00000, 0x000000008affffc0, 0x000000008b000000| 99%| O|  |TAMS 0x000000008af00000| PB 0x000000008af00000| Untracked 
|  14|0x000000008b000000, 0x000000008b0fffe0, 0x000000008b100000| 99%| O|  |TAMS 0x000000008b000000| PB 0x000000008b000000| Untracked 
|  15|0x000000008b100000, 0x000000008b200000, 0x000000008b200000|100%| O|  |TAMS 0x000000008b100000| PB 0x000000008b100000| Untracked 
|  16|0x000000008b200000, 0x000000008b2ffff0, 0x000000008b300000| 99%| O|  |TAMS 0x000000008b200000| PB 0x000000008b200000| Untracked 
|  17|0x000000008b300000, 0x000000008b3fffe8, 0x000000008b400000| 99%| O|  |TAMS 0x000000008b300000| PB 0x000000008b300000| Untracked 
|  18|0x000000008b400000, 0x000000008b4fffd0, 0x000000008b500000| 99%| O|  |TAMS 0x000000008b400000| PB 0x000000008b400000| Untracked 
|  19|0x000000008b500000, 0x000000008b5fffe0, 0x000000008b600000| 99%| O|  |TAMS 0x000000008b500000| PB 0x000000008b500000| Untracked 
|  20|0x000000008b600000, 0x000000008b700000, 0x000000008b700000|100%| O|  |TAMS 0x000000008b600000| PB 0x000000008b600000| Untracked 
|  21|0x000000008b700000, 0x000000008b7fffe0, 0x000000008b800000| 99%| O|  |TAMS 0x000000008b700000| PB 0x000000008b700000| Untracked 
|  22|0x000000008b800000, 0x000000008b8ffff0, 0x000000008b900000| 99%| O|  |TAMS 0x000000008b800000| PB 0x000000008b800000| Untracked 
|  23|0x000000008b900000, 0x000000008b9ffff0, 0x000000008ba00000| 99%| O|  |TAMS 0x000000008b900000| PB 0x000000008b900000| Untracked 
|  24|0x000000008ba00000, 0x000000008baff4b0, 0x000000008bb00000| 99%| O|  |TAMS 0x000000008ba00000| PB 0x000000008ba00000| Untracked 
|  25|0x000000008bb00000, 0x000000008bbfffe0, 0x000000008bc00000| 99%| O|  |TAMS 0x000000008bb00000| PB 0x000000008bb00000| Untracked 
|  26|0x000000008bc00000, 0x000000008bd00000, 0x000000008bd00000|100%| O|  |TAMS 0x000000008bc00000| PB 0x000000008bc00000| Untracked 
|  27|0x000000008bd00000, 0x000000008bdfffc8, 0x000000008be00000| 99%| O|  |TAMS 0x000000008bd00000| PB 0x000000008bd00000| Untracked 
|  28|0x000000008be00000, 0x000000008bf00000, 0x000000008bf00000|100%| O|  |TAMS 0x000000008be00000| PB 0x000000008be00000| Untracked 
|  29|0x000000008bf00000, 0x000000008bffff18, 0x000000008c000000| 99%| O|  |TAMS 0x000000008bf00000| PB 0x000000008bf00000| Untracked 
|  30|0x000000008c000000, 0x000000008c0fffb8, 0x000000008c100000| 99%| O|  |TAMS 0x000000008c000000| PB 0x000000008c000000| Untracked 
|  31|0x000000008c100000, 0x000000008c1f4d60, 0x000000008c200000| 95%| O|  |TAMS 0x000000008c100000| PB 0x000000008c100000| Untracked 
|  32|0x000000008c200000, 0x000000008c2ffff0, 0x000000008c300000| 99%| O|  |TAMS 0x000000008c200000| PB 0x000000008c200000| Untracked 
|  33|0x000000008c300000, 0x000000008c371108, 0x000000008c400000| 44%| O|  |TAMS 0x000000008c300000| PB 0x000000008c300000| Untracked 
|  34|0x000000008c400000, 0x000000008c4fff88, 0x000000008c500000| 99%| O|  |TAMS 0x000000008c400000| PB 0x000000008c400000| Untracked 
|  35|0x000000008c500000, 0x000000008c56fcd8, 0x000000008c600000| 43%| O|  |TAMS 0x000000008c500000| PB 0x000000008c500000| Untracked 
|  36|0x000000008c600000, 0x000000008c603420, 0x000000008c700000|  1%| O|  |TAMS 0x000000008c600000| PB 0x000000008c600000| Untracked 
|  37|0x000000008c700000, 0x000000008c800000, 0x000000008c800000|100%| O|  |TAMS 0x000000008c700000| PB 0x000000008c700000| Untracked 
|  38|0x000000008c800000, 0x000000008c87d408, 0x000000008c900000| 48%| O|  |TAMS 0x000000008c800000| PB 0x000000008c800000| Untracked 
|  39|0x000000008c900000, 0x000000008ca00000, 0x000000008ca00000|100%| O|  |TAMS 0x000000008c900000| PB 0x000000008c900000| Untracked 
|  40|0x000000008ca00000, 0x000000008ca23478, 0x000000008cb00000| 13%| O|  |TAMS 0x000000008ca00000| PB 0x000000008ca00000| Untracked 
|  41|0x000000008cb00000, 0x000000008cc00000, 0x000000008cc00000|100%| O|  |TAMS 0x000000008cb00000| PB 0x000000008cb00000| Untracked 
|  42|0x000000008cc00000, 0x000000008cca3f40, 0x000000008cd00000| 64%| O|  |TAMS 0x000000008cc00000| PB 0x000000008cc00000| Untracked 
|  43|0x000000008cd00000, 0x000000008cd00000, 0x000000008ce00000|  0%| F|  |TAMS 0x000000008cd00000| PB 0x000000008cd00000| Untracked 
|  44|0x000000008ce00000, 0x000000008ce00000, 0x000000008cf00000|  0%| F|  |TAMS 0x000000008ce00000| PB 0x000000008ce00000| Untracked 
|  45|0x000000008cf00000, 0x000000008cf00000, 0x000000008d000000|  0%| F|  |TAMS 0x000000008cf00000| PB 0x000000008cf00000| Untracked 
|  46|0x000000008d000000, 0x000000008d000000, 0x000000008d100000|  0%| F|  |TAMS 0x000000008d000000| PB 0x000000008d000000| Untracked 
|  47|0x000000008d100000, 0x000000008d100000, 0x000000008d200000|  0%| F|  |TAMS 0x000000008d100000| PB 0x000000008d100000| Untracked 
|  48|0x000000008d200000, 0x000000008d295ec0, 0x000000008d300000| 58%| E|CS|TAMS 0x000000008d200000| PB 0x000000008d200000| Complete 
|  49|0x000000008d300000, 0x000000008d400000, 0x000000008d400000|100%| E|CS|TAMS 0x000000008d300000| PB 0x000000008d300000| Complete 
|  50|0x000000008d400000, 0x000000008d500000, 0x000000008d500000|100%| E|CS|TAMS 0x000000008d400000| PB 0x000000008d400000| Complete 
|  51|0x000000008d500000, 0x000000008d600000, 0x000000008d600000|100%| E|CS|TAMS 0x000000008d500000| PB 0x000000008d500000| Complete 
|  52|0x000000008d600000, 0x000000008d700000, 0x000000008d700000|100%| E|CS|TAMS 0x000000008d600000| PB 0x000000008d600000| Complete 
|  53|0x000000008d700000, 0x000000008d700000, 0x000000008d800000|  0%| F|  |TAMS 0x000000008d700000| PB 0x000000008d700000| Untracked 
|  54|0x000000008d800000, 0x000000008d800000, 0x000000008d900000|  0%| F|  |TAMS 0x000000008d800000| PB 0x000000008d800000| Untracked 
|  55|0x000000008d900000, 0x000000008d93b2b0, 0x000000008da00000| 23%| S|  |TAMS 0x000000008d900000| PB 0x000000008d900000| Complete 
|  56|0x000000008da00000, 0x000000008db00000, 0x000000008db00000|100%| S|  |TAMS 0x000000008da00000| PB 0x000000008da00000| Complete 
|  57|0x000000008db00000, 0x000000008dc00000, 0x000000008dc00000|100%| E|CS|TAMS 0x000000008db00000| PB 0x000000008db00000| Complete 
|  58|0x000000008dc00000, 0x000000008dd00000, 0x000000008dd00000|100%| E|CS|TAMS 0x000000008dc00000| PB 0x000000008dc00000| Complete 
|  59|0x000000008dd00000, 0x000000008de00000, 0x000000008de00000|100%| E|CS|TAMS 0x000000008dd00000| PB 0x000000008dd00000| Complete 
|  60|0x000000008de00000, 0x000000008df00000, 0x000000008df00000|100%| E|CS|TAMS 0x000000008de00000| PB 0x000000008de00000| Complete 
|  61|0x000000008df00000, 0x000000008e000000, 0x000000008e000000|100%| E|CS|TAMS 0x000000008df00000| PB 0x000000008df00000| Complete 
|  62|0x000000008e000000, 0x000000008e100000, 0x000000008e100000|100%| E|CS|TAMS 0x000000008e000000| PB 0x000000008e000000| Complete 
|  63|0x000000008e100000, 0x000000008e200000, 0x000000008e200000|100%| E|CS|TAMS 0x000000008e100000| PB 0x000000008e100000| Complete 
|  64|0x000000008e200000, 0x000000008e300000, 0x000000008e300000|100%| E|CS|TAMS 0x000000008e200000| PB 0x000000008e200000| Complete 
|  65|0x000000008e300000, 0x000000008e400000, 0x000000008e400000|100%| E|CS|TAMS 0x000000008e300000| PB 0x000000008e300000| Complete 
|  66|0x000000008e400000, 0x000000008e500000, 0x000000008e500000|100%| E|CS|TAMS 0x000000008e400000| PB 0x000000008e400000| Complete 
|  67|0x000000008e500000, 0x000000008e600000, 0x000000008e600000|100%| E|CS|TAMS 0x000000008e500000| PB 0x000000008e500000| Complete 
|  68|0x000000008e600000, 0x000000008e700000, 0x000000008e700000|100%| E|CS|TAMS 0x000000008e600000| PB 0x000000008e600000| Complete 
|  69|0x000000008e700000, 0x000000008e800000, 0x000000008e800000|100%| E|CS|TAMS 0x000000008e700000| PB 0x000000008e700000| Complete 
|  70|0x000000008e800000, 0x000000008e900000, 0x000000008e900000|100%| E|CS|TAMS 0x000000008e800000| PB 0x000000008e800000| Complete 
|  71|0x000000008e900000, 0x000000008ea00000, 0x000000008ea00000|100%| E|CS|TAMS 0x000000008e900000| PB 0x000000008e900000| Complete 
|  72|0x000000008ea00000, 0x000000008eb00000, 0x000000008eb00000|100%| E|CS|TAMS 0x000000008ea00000| PB 0x000000008ea00000| Complete 
|  73|0x000000008eb00000, 0x000000008ec00000, 0x000000008ec00000|100%| E|CS|TAMS 0x000000008eb00000| PB 0x000000008eb00000| Complete 
|  74|0x000000008ec00000, 0x000000008ed00000, 0x000000008ed00000|100%| E|CS|TAMS 0x000000008ec00000| PB 0x000000008ec00000| Complete 
|  75|0x000000008ed00000, 0x000000008ee00000, 0x000000008ee00000|100%| E|CS|TAMS 0x000000008ed00000| PB 0x000000008ed00000| Complete 
|  76|0x000000008ee00000, 0x000000008ef00000, 0x000000008ef00000|100%| E|CS|TAMS 0x000000008ee00000| PB 0x000000008ee00000| Complete 
|  77|0x000000008ef00000, 0x000000008f000000, 0x000000008f000000|100%| E|CS|TAMS 0x000000008ef00000| PB 0x000000008ef00000| Complete 
|  78|0x000000008f000000, 0x000000008f100000, 0x000000008f100000|100%| E|CS|TAMS 0x000000008f000000| PB 0x000000008f000000| Complete 
|  79|0x000000008f100000, 0x000000008f200000, 0x000000008f200000|100%| E|CS|TAMS 0x000000008f100000| PB 0x000000008f100000| Complete 
|  80|0x000000008f200000, 0x000000008f300000, 0x000000008f300000|100%| E|CS|TAMS 0x000000008f200000| PB 0x000000008f200000| Complete 
|  81|0x000000008f300000, 0x000000008f400000, 0x000000008f400000|100%| E|CS|TAMS 0x000000008f300000| PB 0x000000008f300000| Complete 
|  82|0x000000008f400000, 0x000000008f500000, 0x000000008f500000|100%| E|CS|TAMS 0x000000008f400000| PB 0x000000008f400000| Complete 
|  83|0x000000008f500000, 0x000000008f600000, 0x000000008f600000|100%| E|CS|TAMS 0x000000008f500000| PB 0x000000008f500000| Complete 
|  84|0x000000008f600000, 0x000000008f700000, 0x000000008f700000|100%| E|CS|TAMS 0x000000008f600000| PB 0x000000008f600000| Complete 
|  85|0x000000008f700000, 0x000000008f800000, 0x000000008f800000|100%| E|CS|TAMS 0x000000008f700000| PB 0x000000008f700000| Complete 
|  86|0x000000008f800000, 0x000000008f900000, 0x000000008f900000|100%| E|CS|TAMS 0x000000008f800000| PB 0x000000008f800000| Complete 
|  87|0x000000008f900000, 0x000000008fa00000, 0x000000008fa00000|100%| E|CS|TAMS 0x000000008f900000| PB 0x000000008f900000| Complete 
|  88|0x000000008fa00000, 0x000000008fb00000, 0x000000008fb00000|100%| E|CS|TAMS 0x000000008fa00000| PB 0x000000008fa00000| Complete 
|  89|0x000000008fb00000, 0x000000008fc00000, 0x000000008fc00000|100%| E|CS|TAMS 0x000000008fb00000| PB 0x000000008fb00000| Complete 
|  90|0x000000008fc00000, 0x000000008fd00000, 0x000000008fd00000|100%| E|CS|TAMS 0x000000008fc00000| PB 0x000000008fc00000| Complete 
|  91|0x000000008fd00000, 0x000000008fe00000, 0x000000008fe00000|100%| E|CS|TAMS 0x000000008fd00000| PB 0x000000008fd00000| Complete 
|  92|0x000000008fe00000, 0x000000008ff00000, 0x000000008ff00000|100%| E|CS|TAMS 0x000000008fe00000| PB 0x000000008fe00000| Complete 
|  93|0x000000008ff00000, 0x0000000090000000, 0x0000000090000000|100%| E|CS|TAMS 0x000000008ff00000| PB 0x000000008ff00000| Complete 
|  94|0x0000000090000000, 0x0000000090100000, 0x0000000090100000|100%| E|CS|TAMS 0x0000000090000000| PB 0x0000000090000000| Complete 
|  95|0x0000000090100000, 0x0000000090200000, 0x0000000090200000|100%| E|CS|TAMS 0x0000000090100000| PB 0x0000000090100000| Complete 
|  96|0x0000000090200000, 0x0000000090300000, 0x0000000090300000|100%| E|CS|TAMS 0x0000000090200000| PB 0x0000000090200000| Complete 
|  97|0x0000000090300000, 0x0000000090400000, 0x0000000090400000|100%| E|CS|TAMS 0x0000000090300000| PB 0x0000000090300000| Complete 
|  98|0x0000000090400000, 0x0000000090500000, 0x0000000090500000|100%| E|CS|TAMS 0x0000000090400000| PB 0x0000000090400000| Complete 
|  99|0x0000000090500000, 0x0000000090600000, 0x0000000090600000|100%| E|CS|TAMS 0x0000000090500000| PB 0x0000000090500000| Complete 
| 100|0x0000000090600000, 0x0000000090700000, 0x0000000090700000|100%| E|CS|TAMS 0x0000000090600000| PB 0x0000000090600000| Complete 
| 101|0x0000000090700000, 0x0000000090800000, 0x0000000090800000|100%| E|CS|TAMS 0x0000000090700000| PB 0x0000000090700000| Complete 
| 102|0x0000000090800000, 0x0000000090900000, 0x0000000090900000|100%| E|CS|TAMS 0x0000000090800000| PB 0x0000000090800000| Complete 
| 103|0x0000000090900000, 0x0000000090a00000, 0x0000000090a00000|100%| E|CS|TAMS 0x0000000090900000| PB 0x0000000090900000| Complete 
| 104|0x0000000090a00000, 0x0000000090b00000, 0x0000000090b00000|100%| E|CS|TAMS 0x0000000090a00000| PB 0x0000000090a00000| Complete 
| 105|0x0000000090b00000, 0x0000000090c00000, 0x0000000090c00000|100%| E|CS|TAMS 0x0000000090b00000| PB 0x0000000090b00000| Complete 
| 117|0x0000000091700000, 0x0000000091800000, 0x0000000091800000|100%| E|CS|TAMS 0x0000000091700000| PB 0x0000000091700000| Complete 

Card table byte_map: [0x0000019fed070000,0x0000019fed420000] _byte_map_base: 0x0000019fecc1f000

Marking Bits: (CMBitMap*) 0x0000019fe5ef0d00
 Bits: [0x0000019fed420000, 0x0000019fef198000)

Polling page: 0x0000019fe3df0000

Metaspace:

Usage:
  Non-class:     84.85 MB used.
      Class:     12.33 MB used.
       Both:     97.18 MB used.

Virtual space:
  Non-class space:      128.00 MB reserved,      85.38 MB ( 67%) committed,  2 nodes.
      Class space:        1.00 GB reserved,      12.75 MB (  1%) committed,  1 nodes.
             Both:        1.12 GB reserved,      98.12 MB (  9%) committed. 

Chunk freelists:
   Non-Class:  10.29 MB
       Class:  3.17 MB
        Both:  13.46 MB

MaxMetaspaceSize: unlimited
CompressedClassSpaceSize: 1.00 GB
Initial GC threshold: 21.00 MB
Current GC threshold: 162.81 MB
CDS: off
 - commit_granule_bytes: 65536.
 - commit_granule_words: 8192.
 - virtual_space_node_default_size: 8388608.
 - enlarge_chunks_in_place: 1.
 - use_allocation_guard: 0.


Internal statistics:

num_allocs_failed_limit: 9.
num_arena_births: 1660.
num_arena_deaths: 734.
num_vsnodes_births: 3.
num_vsnodes_deaths: 0.
num_space_committed: 1570.
num_space_uncommitted: 0.
num_chunks_returned_to_freelist: 840.
num_chunks_taken_from_freelist: 5286.
num_chunk_merges: 180.
num_chunk_splits: 3445.
num_chunks_enlarged: 2702.
num_inconsistent_stats: 0.

CodeCache: size=49152Kb used=20047Kb max_used=21649Kb free=29104Kb
 bounds [0x0000019fe9990000, 0x0000019feaed0000, 0x0000019fec990000]
 total_blobs=10636 nmethods=9841 adapters=717
 compilation: enabled
              stopped_count=0, restarted_count=0
 full_count=0

Compilation events (20 events):
Event: 901.051 Thread 0x0000019ff6081fc0 14459       1       java.io.ObjectStreamField::getSignature (39 bytes)
Event: 901.051 Thread 0x0000019ff6081fc0 nmethod 14459 0x0000019fead0a110 code [0x0000019fead0a2e0, 0x0000019fead0a4a0]
Event: 901.051 Thread 0x0000019ff6081fc0 14460       1       java.io.ObjectOutputStream$BlockDataOutputStream::drain (45 bytes)
Event: 901.051 Thread 0x0000019ff6081fc0 nmethod 14460 0x0000019fead09d10 code [0x0000019fead09ec0, 0x0000019fead0a040]
Event: 901.051 Thread 0x0000019ff6081fc0 14458       1       java.io.ObjectStreamField::setOffset (6 bytes)
Event: 901.051 Thread 0x0000019ff6081fc0 nmethod 14458 0x0000019fead09a10 code [0x0000019fead09ba0, 0x0000019fead09c68]
Event: 913.876 Thread 0x0000019ff6081fc0 14461       1       org.springframework.boot.devtools.filewatch.DirectorySnapshot::getDirectory (5 bytes)
Event: 913.876 Thread 0x0000019ff6081fc0 nmethod 14461 0x0000019fead09710 code [0x0000019fead098a0, 0x0000019fead09968]
Event: 939.485 Thread 0x0000019ff6081fc0 14463       1       java.util.concurrent.locks.AbstractQueuedSynchronizer$ConditionObject::await (207 bytes)
Event: 939.485 Thread 0x0000019ff6081fc0 nmethod 14463 0x0000019fead08790 code [0x0000019fead08a00, 0x0000019fead09158]
Event: 939.485 Thread 0x0000019ff6081fc0 14462       1       java.lang.ref.ReferenceQueue::await (15 bytes)
Event: 939.485 Thread 0x0000019ff6081fc0 nmethod 14462 0x0000019fead08390 code [0x0000019fead08540, 0x0000019fead08680]
Event: 964.840 Thread 0x0000019ff6081fc0 14464       1       java.net.Socket::getSoTimeout (47 bytes)
Event: 964.841 Thread 0x0000019ff6081fc0 nmethod 14464 0x0000019fead07d90 code [0x0000019fead07f80, 0x0000019fead08230]
Event: 964.841 Thread 0x0000019ff6081fc0 14465       1       java.net.DelegatingSocketImpl::getOption (9 bytes)
Event: 964.841 Thread 0x0000019ff6081fc0 nmethod 14465 0x0000019fead07a10 code [0x0000019fead07bc0, 0x0000019fead07cc8]
Event: 964.841 Thread 0x0000019ff6081fc0 14466   !   1       sun.nio.ch.NioSocketImpl::getOption (354 bytes)
Event: 964.842 Thread 0x0000019ff6081fc0 nmethod 14466 0x0000019fead05590 code [0x0000019fead05920, 0x0000019fead06cb0]
Event: 969.553 Thread 0x0000019ff6081fc0 14467       1       com.zaxxer.hikari.util.ConcurrentBag::getCount (49 bytes)
Event: 969.554 Thread 0x0000019ff6081fc0 nmethod 14467 0x0000019fead04c90 code [0x0000019fead04e60, 0x0000019fead05268]

GC Heap History (20 events):
Event: 419.549 GC heap after
{Heap after GC invocations=60 (full 12):
 garbage-first heap   total 109568K, used 39439K [0x000000008a200000, 0x0000000100000000)
  region size 1024K, 5 young (5120K), 5 survivors (5120K)
 Metaspace       used 97072K, committed 97856K, reserved 1179648K
  class space    used 12409K, committed 12736K, reserved 1048576K
}
Event: 428.462 GC heap before
{Heap before GC invocations=60 (full 12):
 garbage-first heap   total 109568K, used 69135K [0x000000008a200000, 0x0000000100000000)
  region size 1024K, 35 young (35840K), 5 survivors (5120K)
 Metaspace       used 97435K, committed 98304K, reserved 1179648K
  class space    used 12432K, committed 12800K, reserved 1048576K
}
Event: 428.506 GC heap after
{Heap after GC invocations=61 (full 13):
 garbage-first heap   total 109568K, used 35262K [0x000000008a200000, 0x0000000100000000)
  region size 1024K, 0 young (0K), 0 survivors (0K)
 Metaspace       used 97432K, committed 98304K, reserved 1179648K
  class space    used 12431K, committed 12800K, reserved 1048576K
}
Event: 429.035 GC heap before
{Heap before GC invocations=61 (full 13):
 garbage-first heap   total 109568K, used 90558K [0x000000008a200000, 0x0000000100000000)
  region size 1024K, 54 young (55296K), 0 survivors (0K)
 Metaspace       used 97660K, committed 98496K, reserved 1179648K
  class space    used 12457K, committed 12800K, reserved 1048576K
}
Event: 429.038 GC heap after
{Heap after GC invocations=62 (full 13):
 garbage-first heap   total 109568K, used 39846K [0x000000008a200000, 0x0000000100000000)
  region size 1024K, 5 young (5120K), 5 survivors (5120K)
 Metaspace       used 97660K, committed 98496K, reserved 1179648K
  class space    used 12457K, committed 12800K, reserved 1048576K
}
Event: 435.241 GC heap before
{Heap before GC invocations=62 (full 13):
 garbage-first heap   total 109568K, used 68518K [0x000000008a200000, 0x0000000100000000)
  region size 1024K, 34 young (34816K), 5 survivors (5120K)
 Metaspace       used 98016K, committed 98880K, reserved 1179648K
  class space    used 12481K, committed 12864K, reserved 1048576K
}
Event: 435.288 GC heap after
{Heap after GC invocations=63 (full 14):
 garbage-first heap   total 109568K, used 35143K [0x000000008a200000, 0x0000000100000000)
  region size 1024K, 0 young (0K), 0 survivors (0K)
 Metaspace       used 98013K, committed 98880K, reserved 1179648K
  class space    used 12480K, committed 12864K, reserved 1048576K
}
Event: 435.821 GC heap before
{Heap before GC invocations=63 (full 14):
 garbage-first heap   total 109568K, used 91463K [0x000000008a200000, 0x0000000100000000)
  region size 1024K, 55 young (56320K), 0 survivors (0K)
 Metaspace       used 98253K, committed 99072K, reserved 1179648K
  class space    used 12507K, committed 12864K, reserved 1048576K
}
Event: 435.824 GC heap after
{Heap after GC invocations=64 (full 14):
 garbage-first heap   total 109568K, used 39821K [0x000000008a200000, 0x0000000100000000)
  region size 1024K, 5 young (5120K), 5 survivors (5120K)
 Metaspace       used 98253K, committed 99072K, reserved 1179648K
  class space    used 12507K, committed 12864K, reserved 1048576K
}
Event: 446.796 GC heap before
{Heap before GC invocations=64 (full 14):
 garbage-first heap   total 109568K, used 68493K [0x000000008a200000, 0x0000000100000000)
  region size 1024K, 34 young (34816K), 5 survivors (5120K)
 Metaspace       used 98590K, committed 99456K, reserved 1179648K
  class space    used 12532K, committed 12928K, reserved 1048576K
}
Event: 446.841 GC heap after
{Heap after GC invocations=65 (full 15):
 garbage-first heap   total 109568K, used 35344K [0x000000008a200000, 0x0000000100000000)
  region size 1024K, 0 young (0K), 0 survivors (0K)
 Metaspace       used 98587K, committed 99456K, reserved 1179648K
  class space    used 12532K, committed 12928K, reserved 1048576K
}
Event: 447.359 GC heap before
{Heap before GC invocations=65 (full 15):
 garbage-first heap   total 109568K, used 91664K [0x000000008a200000, 0x0000000100000000)
  region size 1024K, 55 young (56320K), 0 survivors (0K)
 Metaspace       used 98826K, committed 99648K, reserved 1179648K
  class space    used 12558K, committed 12928K, reserved 1048576K
}
Event: 447.363 GC heap after
{Heap after GC invocations=66 (full 15):
 garbage-first heap   total 109568K, used 39948K [0x000000008a200000, 0x0000000100000000)
  region size 1024K, 5 young (5120K), 5 survivors (5120K)
 Metaspace       used 98826K, committed 99648K, reserved 1179648K
  class space    used 12558K, committed 12928K, reserved 1048576K
}
Event: 476.052 GC heap before
{Heap before GC invocations=66 (full 15):
 garbage-first heap   total 109568K, used 72716K [0x000000008a200000, 0x0000000100000000)
  region size 1024K, 37 young (37888K), 5 survivors (5120K)
 Metaspace       used 99167K, committed 100032K, reserved 1179648K
  class space    used 12584K, committed 12992K, reserved 1048576K
}
Event: 476.057 GC heap after
{Heap after GC invocations=67 (full 15):
 garbage-first heap   total 109568K, used 42836K [0x000000008a200000, 0x0000000100000000)
  region size 1024K, 3 young (3072K), 3 survivors (3072K)
 Metaspace       used 99167K, committed 100032K, reserved 1179648K
  class space    used 12584K, committed 12992K, reserved 1048576K
}
Event: 578.715 GC heap before
{Heap before GC invocations=68 (full 15):
 garbage-first heap   total 109568K, used 66388K [0x000000008a200000, 0x0000000100000000)
  region size 1024K, 22 young (22528K), 3 survivors (3072K)
 Metaspace       used 99174K, committed 100032K, reserved 1179648K
  class space    used 12585K, committed 12992K, reserved 1048576K
}
Event: 578.764 GC heap after
{Heap after GC invocations=69 (full 16):
 garbage-first heap   total 109568K, used 36302K [0x000000008a200000, 0x0000000100000000)
  region size 1024K, 0 young (0K), 0 survivors (0K)
 Metaspace       used 99174K, committed 100032K, reserved 1179648K
  class space    used 12585K, committed 12992K, reserved 1048576K
}
Event: 579.432 GC heap before
{Heap before GC invocations=69 (full 16):
 garbage-first heap   total 109568K, used 91598K [0x000000008a200000, 0x0000000100000000)
  region size 1024K, 54 young (55296K), 0 survivors (0K)
 Metaspace       used 99411K, committed 100288K, reserved 1179648K
  class space    used 12614K, committed 12992K, reserved 1048576K
}
Event: 579.436 GC heap after
{Heap after GC invocations=70 (full 16):
 garbage-first heap   total 109568K, used 40997K [0x000000008a200000, 0x0000000100000000)
  region size 1024K, 5 young (5120K), 5 survivors (5120K)
 Metaspace       used 99411K, committed 100288K, reserved 1179648K
  class space    used 12614K, committed 12992K, reserved 1048576K
}
Event: 1003.245 GC heap before
{Heap before GC invocations=70 (full 16):
 garbage-first heap   total 109568K, used 92197K [0x000000008a200000, 0x0000000100000000)
  region size 1024K, 55 young (56320K), 5 survivors (5120K)
 Metaspace       used 99511K, committed 100480K, reserved 1179648K
  class space    used 12625K, committed 13056K, reserved 1048576K
}

Dll operation events (12 events):
Event: 0.008 Loaded shared library C:\Users\PRASANTH\Downloads\sts-4.24.0.RELEASE\plugins\org.eclipse.justj.openjdk.hotspot.jre.full.win32.x86_64_21.0.3.v20240426-1530\jre\bin\java.dll
Event: 0.012 Loaded shared library C:\Users\PRASANTH\Downloads\sts-4.24.0.RELEASE\plugins\org.eclipse.justj.openjdk.hotspot.jre.full.win32.x86_64_21.0.3.v20240426-1530\jre\bin\zip.dll
Event: 0.206 Loaded shared library C:\Users\PRASANTH\Downloads\sts-4.24.0.RELEASE\plugins\org.eclipse.justj.openjdk.hotspot.jre.full.win32.x86_64_21.0.3.v20240426-1530\jre\bin\instrument.dll
Event: 0.217 Loaded shared library C:\Users\PRASANTH\Downloads\sts-4.24.0.RELEASE\plugins\org.eclipse.justj.openjdk.hotspot.jre.full.win32.x86_64_21.0.3.v20240426-1530\jre\bin\net.dll
Event: 0.219 Loaded shared library C:\Users\PRASANTH\Downloads\sts-4.24.0.RELEASE\plugins\org.eclipse.justj.openjdk.hotspot.jre.full.win32.x86_64_21.0.3.v20240426-1530\jre\bin\nio.dll
Event: 0.227 Loaded shared library C:\Users\PRASANTH\Downloads\sts-4.24.0.RELEASE\plugins\org.eclipse.justj.openjdk.hotspot.jre.full.win32.x86_64_21.0.3.v20240426-1530\jre\bin\zip.dll
Event: 0.395 Loaded shared library C:\Users\PRASANTH\Downloads\sts-4.24.0.RELEASE\plugins\org.eclipse.justj.openjdk.hotspot.jre.full.win32.x86_64_21.0.3.v20240426-1530\jre\bin\jimage.dll
Event: 0.444 Loaded shared library C:\Users\PRASANTH\Downloads\sts-4.24.0.RELEASE\plugins\org.eclipse.justj.openjdk.hotspot.jre.full.win32.x86_64_21.0.3.v20240426-1530\jre\bin\management.dll
Event: 0.453 Loaded shared library C:\Users\PRASANTH\Downloads\sts-4.24.0.RELEASE\plugins\org.eclipse.justj.openjdk.hotspot.jre.full.win32.x86_64_21.0.3.v20240426-1530\jre\bin\management_ext.dll
Event: 0.655 Loaded shared library C:\Users\PRASANTH\Downloads\sts-4.24.0.RELEASE\plugins\org.eclipse.justj.openjdk.hotspot.jre.full.win32.x86_64_21.0.3.v20240426-1530\jre\bin\extnet.dll
Event: 0.679 Loaded shared library C:\Users\PRASANTH\Downloads\sts-4.24.0.RELEASE\plugins\org.eclipse.justj.openjdk.hotspot.jre.full.win32.x86_64_21.0.3.v20240426-1530\jre\bin\verify.dll
Event: 1.820 Loaded shared library C:\Users\PRASANTH\Downloads\sts-4.24.0.RELEASE\plugins\org.eclipse.justj.openjdk.hotspot.jre.full.win32.x86_64_21.0.3.v20240426-1530\jre\bin\sunmscapi.dll

Deoptimization events (20 events):
Event: 601.041 Thread 0x0000019ff6f09580 DEOPT PACKING pc=0x0000019fe9cd564c sp=0x00000047e92fdb70
Event: 601.041 Thread 0x0000019ff6f09580 DEOPT UNPACKING pc=0x0000019fe99e4e42 sp=0x00000047e92fd0d8 mode 1
Event: 601.041 Thread 0x0000019ff6f09580 DEOPT PACKING pc=0x0000019fe9cd564c sp=0x00000047e92fdb70
Event: 601.041 Thread 0x0000019ff6f09580 DEOPT UNPACKING pc=0x0000019fe99e4e42 sp=0x00000047e92fd0d8 mode 1
Event: 601.042 Thread 0x0000019ff6f09580 DEOPT PACKING pc=0x0000019fe9b28294 sp=0x00000047e92fd850
Event: 601.042 Thread 0x0000019ff6f09580 DEOPT UNPACKING pc=0x0000019fe99e4e42 sp=0x00000047e92fcdb8 mode 1
Event: 601.042 Thread 0x0000019ff6f09580 DEOPT PACKING pc=0x0000019fe9cd564c sp=0x00000047e92fd8c0
Event: 601.042 Thread 0x0000019ff6f09580 DEOPT UNPACKING pc=0x0000019fe99e4e42 sp=0x00000047e92fce28 mode 1
Event: 601.042 Thread 0x0000019ff6f09580 DEOPT PACKING pc=0x0000019fe9cd564c sp=0x00000047e92fd8c0
Event: 601.042 Thread 0x0000019ff6f09580 DEOPT UNPACKING pc=0x0000019fe99e4e42 sp=0x00000047e92fce28 mode 1
Event: 601.042 Thread 0x0000019ff6f09580 DEOPT PACKING pc=0x0000019fe9cd564c sp=0x00000047e92fd8c0
Event: 601.042 Thread 0x0000019ff6f09580 DEOPT UNPACKING pc=0x0000019fe99e4e42 sp=0x00000047e92fce28 mode 1
Event: 601.042 Thread 0x0000019ff6f09580 DEOPT PACKING pc=0x0000019fe9cd564c sp=0x00000047e92fd8c0
Event: 601.042 Thread 0x0000019ff6f09580 DEOPT UNPACKING pc=0x0000019fe99e4e42 sp=0x00000047e92fce28 mode 1
Event: 601.042 Thread 0x0000019ff6f09580 DEOPT PACKING pc=0x0000019fe9cd564c sp=0x00000047e92fd8c0
Event: 601.042 Thread 0x0000019ff6f09580 DEOPT UNPACKING pc=0x0000019fe99e4e42 sp=0x00000047e92fce28 mode 1
Event: 601.042 Thread 0x0000019ff6f09580 DEOPT PACKING pc=0x0000019fe9cd564c sp=0x00000047e92fd8c0
Event: 601.042 Thread 0x0000019ff6f09580 DEOPT UNPACKING pc=0x0000019fe99e4e42 sp=0x00000047e92fce28 mode 1
Event: 601.042 Thread 0x0000019ff6f09580 DEOPT PACKING pc=0x0000019fe9cd564c sp=0x00000047e92fd8c0
Event: 601.042 Thread 0x0000019ff6f09580 DEOPT UNPACKING pc=0x0000019fe99e4e42 sp=0x00000047e92fce28 mode 1

Classes loaded (20 events):
Event: 140.198 Loading class javax/net/ssl/SSLSocket
Event: 140.198 Loading class javax/net/ssl/SSLSocket done
Event: 140.198 Loading class javax/crypto/NoSuchPaddingException
Event: 140.198 Loading class javax/crypto/NoSuchPaddingException done
Event: 140.198 Loading class javax/crypto/IllegalBlockSizeException
Event: 140.198 Loading class javax/crypto/IllegalBlockSizeException done
Event: 140.198 Loading class javax/crypto/BadPaddingException
Event: 140.198 Loading class javax/crypto/BadPaddingException done
Event: 140.252 Loading class java/lang/ref/Finalizer$2
Event: 140.252 Loading class java/lang/ref/Finalizer$2 done
Event: 140.253 Loading class java/lang/ref/Finalizer$1
Event: 140.253 Loading class java/lang/ref/Finalizer$1 done
Event: 143.121 Loading class java/time/DurationEditor
Event: 143.121 Loading class java/time/DurationEditor done
Event: 239.824 Loading class java/time/DurationEditor
Event: 239.824 Loading class java/time/DurationEditor done
Event: 304.712 Loading class jdk/internal/loader/BootLoader$PackageHelper
Event: 304.713 Loading class jdk/internal/loader/BootLoader$PackageHelper done
Event: 354.094 Loading class java/lang/invoke/MethodHandleImpl$CountingWrapper$1
Event: 354.095 Loading class java/lang/invoke/MethodHandleImpl$CountingWrapper$1 done

Classes unloaded (20 events):
Event: 378.257 Thread 0x0000019fe3b48cb0 Unloading class 0x0000000100c31000 'java/lang/invoke/LambdaForm$MH+0x0000000100c31000'
Event: 378.257 Thread 0x0000019fe3b48cb0 Unloading class 0x0000000100c2c800 'java/lang/invoke/LambdaForm$MH+0x0000000100c2c800'
Event: 378.257 Thread 0x0000019fe3b48cb0 Unloading class 0x0000000100c2c400 'java/lang/invoke/LambdaForm$MH+0x0000000100c2c400'
Event: 378.257 Thread 0x0000019fe3b48cb0 Unloading class 0x0000000100c2c000 'java/lang/invoke/LambdaForm$MH+0x0000000100c2c000'
Event: 378.258 Thread 0x0000019fe3b48cb0 Unloading class 0x0000000100c21c00 'java/lang/invoke/LambdaForm$MH+0x0000000100c21c00'
Event: 378.258 Thread 0x0000019fe3b48cb0 Unloading class 0x0000000100c21800 'java/lang/invoke/LambdaForm$MH+0x0000000100c21800'
Event: 378.258 Thread 0x0000019fe3b48cb0 Unloading class 0x0000000100c21400 'java/lang/invoke/LambdaForm$MH+0x0000000100c21400'
Event: 378.258 Thread 0x0000019fe3b48cb0 Unloading class 0x0000000100c21000 'java/lang/invoke/LambdaForm$MH+0x0000000100c21000'
Event: 378.258 Thread 0x0000019fe3b48cb0 Unloading class 0x0000000100c20800 'java/lang/invoke/LambdaForm$MH+0x0000000100c20800'
Event: 378.258 Thread 0x0000019fe3b48cb0 Unloading class 0x0000000100c20400 'java/lang/invoke/LambdaForm$MH+0x0000000100c20400'
Event: 378.258 Thread 0x0000019fe3b48cb0 Unloading class 0x0000000100c20000 'java/lang/invoke/LambdaForm$MH+0x0000000100c20000'
Event: 378.258 Thread 0x0000019fe3b48cb0 Unloading class 0x0000000100c1c800 'java/lang/invoke/LambdaForm$MH+0x0000000100c1c800'
Event: 378.258 Thread 0x0000019fe3b48cb0 Unloading class 0x0000000100c1c400 'java/lang/invoke/LambdaForm$MH+0x0000000100c1c400'
Event: 399.158 Thread 0x0000019fe3b48cb0 Unloading class 0x0000000100c70000 'org/apache/catalina/loader/JdbcLeakPrevention'
Event: 399.158 Thread 0x0000019fe3b48cb0 Unloading class 0x0000000100ba1c00 'org/apache/catalina/loader/JdbcLeakPrevention'
Event: 419.019 Thread 0x0000019fe3b48cb0 Unloading class 0x0000000100c7c000 'org/apache/catalina/loader/JdbcLeakPrevention'
Event: 428.473 Thread 0x0000019fe3b48cb0 Unloading class 0x0000000100c88000 'org/apache/catalina/loader/JdbcLeakPrevention'
Event: 435.252 Thread 0x0000019fe3b48cb0 Unloading class 0x0000000100c98000 'org/apache/catalina/loader/JdbcLeakPrevention'
Event: 446.806 Thread 0x0000019fe3b48cb0 Unloading class 0x0000000100ca8000 'org/apache/catalina/loader/JdbcLeakPrevention'
Event: 476.088 Thread 0x0000019fe3b48cb0 Unloading class 0x0000000100cac400 'org/apache/catalina/loader/JdbcLeakPrevention'

Classes redefined (20 events):
Event: 433.837 Thread 0x0000019fe3b48cb0 redefined class name=com.food.controller.CategoryController, count=3
Event: 433.837 Thread 0x0000019fe3b48cb0 redefined class name=com.food.controller.CategoryController, count=5
Event: 433.837 Thread 0x0000019fe3b48cb0 redefined class name=com.food.controller.CategoryController, count=4
Event: 445.448 Thread 0x0000019fe3b48cb0 redefined class name=com.food.controller.CategoryController, count=9
Event: 445.448 Thread 0x0000019fe3b48cb0 redefined class name=com.food.controller.CategoryController, count=4
Event: 445.448 Thread 0x0000019fe3b48cb0 redefined class name=com.food.controller.CategoryController, count=4
Event: 445.448 Thread 0x0000019fe3b48cb0 redefined class name=com.food.controller.CategoryController, count=4
Event: 445.448 Thread 0x0000019fe3b48cb0 redefined class name=com.food.controller.CategoryController, count=4
Event: 445.448 Thread 0x0000019fe3b48cb0 redefined class name=com.food.controller.CategoryController, count=4
Event: 445.448 Thread 0x0000019fe3b48cb0 redefined class name=com.food.controller.CategoryController, count=4
Event: 445.448 Thread 0x0000019fe3b48cb0 redefined class name=com.food.controller.CategoryController, count=4
Event: 445.448 Thread 0x0000019fe3b48cb0 redefined class name=com.food.controller.CategoryController, count=4
Event: 445.448 Thread 0x0000019fe3b48cb0 redefined class name=com.food.controller.CategoryController, count=7
Event: 445.448 Thread 0x0000019fe3b48cb0 redefined class name=com.food.controller.CategoryController, count=4
Event: 445.448 Thread 0x0000019fe3b48cb0 redefined class name=com.food.controller.CategoryController, count=1
Event: 445.448 Thread 0x0000019fe3b48cb0 redefined class name=com.food.controller.CategoryController, count=2
Event: 445.448 Thread 0x0000019fe3b48cb0 redefined class name=com.food.controller.CategoryController, count=3
Event: 445.448 Thread 0x0000019fe3b48cb0 redefined class name=com.food.controller.CategoryController, count=4
Event: 445.448 Thread 0x0000019fe3b48cb0 redefined class name=com.food.controller.CategoryController, count=6
Event: 445.448 Thread 0x0000019fe3b48cb0 redefined class name=com.food.controller.CategoryController, count=5

Internal exceptions (20 events):
Event: 447.152 Thread 0x0000019ff9f63bc0 Exception <a 'java/lang/NoClassDefFoundError'{0x000000008f104298}: org/flywaydb/core/Flyway> (0x000000008f104298) 
thrown [s\src\hotspot\share\oops\constantPool.cpp, line 873]
Event: 447.153 Thread 0x0000019ff9f63bc0 Exception <a 'java/lang/NoClassDefFoundError'{0x000000008f1048f8}: liquibase/integration/spring/SpringLiquibase> (0x000000008f1048f8) 
thrown [s\src\hotspot\share\oops\constantPool.cpp, line 873]
Event: 447.157 Thread 0x0000019ff9f63bc0 Exception <a 'java/lang/NoClassDefFoundError'{0x000000008f134e58}: org/jooq/DSLContext> (0x000000008f134e58) 
thrown [s\src\hotspot\share\oops\constantPool.cpp, line 873]
Event: 447.161 Thread 0x0000019ff9f63bc0 Exception <a 'java/lang/NoClassDefFoundError'{0x000000008f180d40}: org/springframework/batch/core/repository/JobRepository> (0x000000008f180d40) 
thrown [s\src\hotspot\share\oops\constantPool.cpp, line 873]
Event: 447.162 Thread 0x0000019ff9f63bc0 Exception <a 'java/lang/NoClassDefFoundError'{0x000000008f181398}: org/quartz/Scheduler> (0x000000008f181398) 
thrown [s\src\hotspot\share\oops\constantPool.cpp, line 873]
Event: 447.163 Thread 0x0000019ff9f63bc0 Exception <a 'java/lang/NoClassDefFoundError'{0x000000008f181a18}: org/springframework/session/jdbc/JdbcIndexedSessionRepository> (0x000000008f181a18) 
thrown [s\src\hotspot\share\oops\constantPool.cpp, line 873]
Event: 447.216 Thread 0x0000019ff9f63bc0 Exception <a 'java/io/FileNotFoundException'{0x000000008e8243c0}> (0x000000008e8243c0) 
thrown [s\src\hotspot\share\prims\jni.cpp, line 520]
Event: 447.240 Thread 0x0000019ff9f63bc0 Exception <a 'java/io/FileNotFoundException'{0x000000008e6c1a20}> (0x000000008e6c1a20) 
thrown [s\src\hotspot\share\prims\jni.cpp, line 520]
Event: 578.715 Thread 0x0000019ff9f62ea0 Exception <a 'java/lang/InterruptedException'{0x000000008fa42938}: sleep interrupted> (0x000000008fa42938) 
thrown [s\src\hotspot\share\prims\jvm.cpp, line 3074]
Event: 578.776 Thread 0x0000019fff931a20 Exception <a 'sun/nio/fs/WindowsException'{0x0000000091776948}> (0x0000000091776948) 
thrown [s\src\hotspot\share\prims\jni.cpp, line 520]
Event: 579.106 Thread 0x0000019fff931a20 Exception <a 'java/lang/NoClassDefFoundError'{0x000000008f2f58a8}: org/flywaydb/core/Flyway> (0x000000008f2f58a8) 
thrown [s\src\hotspot\share\oops\constantPool.cpp, line 873]
Event: 579.108 Thread 0x0000019fff931a20 Exception <a 'java/lang/NoClassDefFoundError'{0x000000008f2f5f08}: liquibase/integration/spring/SpringLiquibase> (0x000000008f2f5f08) 
thrown [s\src\hotspot\share\oops\constantPool.cpp, line 873]
Event: 579.111 Thread 0x0000019fff931a20 Exception <a 'java/lang/NoClassDefFoundError'{0x000000008f1264a0}: org/jooq/DSLContext> (0x000000008f1264a0) 
thrown [s\src\hotspot\share\oops\constantPool.cpp, line 873]
Event: 579.115 Thread 0x0000019fff931a20 Exception <a 'java/lang/NoClassDefFoundError'{0x000000008f172350}: org/springframework/batch/core/repository/JobRepository> (0x000000008f172350) 
thrown [s\src\hotspot\share\oops\constantPool.cpp, line 873]
Event: 579.117 Thread 0x0000019fff931a20 Exception <a 'java/lang/NoClassDefFoundError'{0x000000008f1729a8}: org/quartz/Scheduler> (0x000000008f1729a8) 
thrown [s\src\hotspot\share\oops\constantPool.cpp, line 873]
Event: 579.118 Thread 0x0000019fff931a20 Exception <a 'java/lang/NoClassDefFoundError'{0x000000008f173028}: org/springframework/session/jdbc/JdbcIndexedSessionRepository> (0x000000008f173028) 
thrown [s\src\hotspot\share\oops\constantPool.cpp, line 873]
Event: 579.171 Thread 0x0000019fff931a20 Exception <a 'java/io/FileNotFoundException'{0x000000008e81e148}> (0x000000008e81e148) 
thrown [s\src\hotspot\share\prims\jni.cpp, line 520]
Event: 579.197 Thread 0x0000019fff931a20 Exception <a 'java/io/FileNotFoundException'{0x000000008e6b98b8}> (0x000000008e6b98b8) 
thrown [s\src\hotspot\share\prims\jni.cpp, line 520]
Event: 601.043 Thread 0x0000019ff6f09580 Exception <a 'java/lang/NoSuchMethodError'{0x00000000907b6f30}: static [B.<clinit>()V> (0x00000000907b6f30) 
thrown [s\src\hotspot\share\prims\jni.cpp, line 1111]
Event: 776.187 Thread 0x0000019fff939040 Exception <a 'java/net/SocketException'{0x000000008f4f1cf0}: Connection reset by peer: shutdown> (0x000000008f4f1cf0) 
thrown [s\src\hotspot\share\prims\jni.cpp, line 539]

ZGC Phase Switch (0 events):
No events

VM Operations (20 events):
Event: 781.777 Executing VM operation: HandshakeAllThreads (HandshakeForDeflation) done
Event: 781.777 Executing VM operation: RendezvousGCThreads
Event: 781.777 Executing VM operation: RendezvousGCThreads done
Event: 836.104 Executing VM operation: get/set locals
Event: 836.104 Executing VM operation: get/set locals done
Event: 836.198 Executing VM operation: get/set locals
Event: 836.198 Executing VM operation: get/set locals done
Event: 841.943 Executing VM operation: HandshakeAllThreads (HandshakeForDeflation)
Event: 841.943 Executing VM operation: HandshakeAllThreads (HandshakeForDeflation) done
Event: 841.943 Executing VM operation: RendezvousGCThreads
Event: 841.943 Executing VM operation: RendezvousGCThreads done
Event: 901.499 Executing VM operation: Cleanup
Event: 901.499 Executing VM operation: Cleanup done
Event: 944.864 Executing VM operation: Cleanup
Event: 944.864 Executing VM operation: Cleanup done
Event: 962.035 Executing VM operation: Cleanup
Event: 962.035 Executing VM operation: Cleanup done
Event: 967.089 Executing VM operation: Cleanup
Event: 967.089 Executing VM operation: Cleanup done
Event: 1003.245 Executing VM operation: G1CollectForAllocation (G1 Evacuation Pause)

Events (20 events):
Event: 578.738 Thread 0x0000019fe3b48cb0 flushing nmethod 0x0000019fe9b83010
Event: 578.765 Thread 0x0000019fff934180 Thread added: 0x0000019fff934180
Event: 578.765 Thread 0x0000019fff934180 Thread exited: 0x0000019fff934180
Event: 578.766 Thread 0x0000019fff931a20 Thread added: 0x0000019fff931a20
Event: 578.873 Thread 0x0000019fff9320b0 Thread added: 0x0000019fff9320b0
Event: 578.911 Thread 0x0000019fff9320b0 Thread exited: 0x0000019fff9320b0
Event: 579.198 Thread 0x0000019fff9320b0 Thread added: 0x0000019fff9320b0
Event: 579.198 Thread 0x0000019fff935530 Thread added: 0x0000019fff935530
Event: 579.198 Thread 0x0000019fff935bc0 Thread added: 0x0000019fff935bc0
Event: 579.352 Thread 0x0000019fff934180 Thread added: 0x0000019fff934180
Event: 579.360 Thread 0x0000019ff6c07510 Thread added: 0x0000019ff6c07510
Event: 579.360 Thread 0x0000019ff6c06770 Thread added: 0x0000019ff6c06770
Event: 579.360 Thread 0x0000019ff6c082b0 Thread added: 0x0000019ff6c082b0
Event: 579.453 Thread 0x0000019fff932740 Thread added: 0x0000019fff932740
Event: 584.787 Thread 0x0000019ff6c082b0 Thread exited: 0x0000019ff6c082b0
Event: 584.787 Thread 0x0000019ff6c06770 Thread exited: 0x0000019ff6c06770
Event: 584.880 Thread 0x0000019fff932740 Thread exited: 0x0000019fff932740
Event: 589.797 Thread 0x0000019ff6c07510 Thread exited: 0x0000019ff6c07510
Event: 836.095 Thread 0x0000019fff9368e0 Thread exited: 0x0000019fff9368e0
Event: 836.189 Thread 0x0000019fff939040 Thread exited: 0x0000019fff939040


Dynamic libraries:
0x00007ff688c50000 - 0x00007ff688c5e000 	C:\Users\PRASANTH\Downloads\sts-4.24.0.RELEASE\plugins\org.eclipse.justj.openjdk.hotspot.jre.full.win32.x86_64_21.0.3.v20240426-1530\jre\bin\javaw.exe
0x00007ffa5cf00000 - 0x00007ffa5d168000 	C:\WINDOWS\SYSTEM32\ntdll.dll
0x00007ffa5acc0000 - 0x00007ffa5ad89000 	C:\WINDOWS\System32\KERNEL32.DLL
0x00007ffa5a4e0000 - 0x00007ffa5a8d2000 	C:\WINDOWS\System32\KERNELBASE.dll
0x00007ffa5aab0000 - 0x00007ffa5abfb000 	C:\WINDOWS\System32\ucrtbase.dll
0x00007ffa0ee90000 - 0x00007ffa0eeab000 	C:\Users\PRASANTH\Downloads\sts-4.24.0.RELEASE\plugins\org.eclipse.justj.openjdk.hotspot.jre.full.win32.x86_64_21.0.3.v20240426-1530\jre\bin\VCRUNTIME140.dll
0x00007ff9ead60000 - 0x00007ff9ead78000 	C:\Users\PRASANTH\Downloads\sts-4.24.0.RELEASE\plugins\org.eclipse.justj.openjdk.hotspot.jre.full.win32.x86_64_21.0.3.v20240426-1530\jre\bin\jli.dll
0x00007ffa5b500000 - 0x00007ffa5b6c5000 	C:\WINDOWS\System32\USER32.dll
0x00007ffa40820000 - 0x00007ffa40ab3000 	C:\WINDOWS\WinSxS\amd64_microsoft.windows.common-controls_6595b64144ccf1df_6.0.26100.6682_none_3e0e9e60e32ebb61\COMCTL32.dll
0x00007ffa5ac90000 - 0x00007ffa5acb7000 	C:\WINDOWS\System32\win32u.dll
0x00007ffa5ca30000 - 0x00007ffa5ca5b000 	C:\WINDOWS\System32\GDI32.dll
0x00007ffa5ad90000 - 0x00007ffa5ae39000 	C:\WINDOWS\System32\msvcrt.dll
0x00007ffa5a8e0000 - 0x00007ffa5aa0d000 	C:\WINDOWS\System32\gdi32full.dll
0x00007ffa5a080000 - 0x00007ffa5a123000 	C:\WINDOWS\System32\msvcp_win.dll
0x00007ffa5bbb0000 - 0x00007ffa5bbdf000 	C:\WINDOWS\System32\IMM32.DLL
0x00007ffa427e0000 - 0x00007ffa427ec000 	C:\Users\PRASANTH\Downloads\sts-4.24.0.RELEASE\plugins\org.eclipse.justj.openjdk.hotspot.jre.full.win32.x86_64_21.0.3.v20240426-1530\jre\bin\vcruntime140_1.dll
0x00007ffa0e400000 - 0x00007ffa0e48e000 	C:\Users\PRASANTH\Downloads\sts-4.24.0.RELEASE\plugins\org.eclipse.justj.openjdk.hotspot.jre.full.win32.x86_64_21.0.3.v20240426-1530\jre\bin\msvcp140.dll
0x00007ff9ead80000 - 0x00007ff9ebb02000 	C:\Users\PRASANTH\Downloads\sts-4.24.0.RELEASE\plugins\org.eclipse.justj.openjdk.hotspot.jre.full.win32.x86_64_21.0.3.v20240426-1530\jre\bin\server\jvm.dll
0x00007ffa5ae40000 - 0x00007ffa5aef4000 	C:\WINDOWS\System32\ADVAPI32.dll
0x00007ffa5b920000 - 0x00007ffa5b9c6000 	C:\WINDOWS\System32\sechost.dll
0x00007ffa5b9d0000 - 0x00007ffa5bae8000 	C:\WINDOWS\System32\RPCRT4.dll
0x00007ffa5b850000 - 0x00007ffa5b8c4000 	C:\WINDOWS\System32\WS2_32.dll
0x00007ffa59ee0000 - 0x00007ffa59f3e000 	C:\WINDOWS\SYSTEM32\POWRPROF.dll
0x00007ffa52560000 - 0x00007ffa52595000 	C:\WINDOWS\SYSTEM32\WINMM.dll
0x00007ffa53790000 - 0x00007ffa5379b000 	C:\WINDOWS\SYSTEM32\VERSION.dll
0x00007ffa59ec0000 - 0x00007ffa59ed4000 	C:\WINDOWS\SYSTEM32\UMPDC.dll
0x00007ffa58e30000 - 0x00007ffa58e4b000 	C:\WINDOWS\SYSTEM32\kernel.appcore.dll
0x00007ffa53a00000 - 0x00007ffa53a0a000 	C:\Users\PRASANTH\Downloads\sts-4.24.0.RELEASE\plugins\org.eclipse.justj.openjdk.hotspot.jre.full.win32.x86_64_21.0.3.v20240426-1530\jre\bin\jimage.dll
0x00007ffa4ea80000 - 0x00007ffa4ecc2000 	C:\WINDOWS\SYSTEM32\DBGHELP.DLL
0x00007ffa5af00000 - 0x00007ffa5b27b000 	C:\WINDOWS\System32\combase.dll
0x00007ffa5c080000 - 0x00007ffa5c157000 	C:\WINDOWS\System32\OLEAUT32.dll
0x00007ffa3cfa0000 - 0x00007ffa3cfdc000 	C:\WINDOWS\SYSTEM32\dbgcore.DLL
0x00007ffa5aa10000 - 0x00007ffa5aaa8000 	C:\WINDOWS\System32\bcryptPrimitives.dll
0x00007ffa369d0000 - 0x00007ffa36a0c000 	C:\Users\PRASANTH\Downloads\sts-4.24.0.RELEASE\plugins\org.eclipse.justj.openjdk.hotspot.jre.full.win32.x86_64_21.0.3.v20240426-1530\jre\bin\jdwp.dll
0x00007ffa36b90000 - 0x00007ffa36b9f000 	C:\Users\PRASANTH\Downloads\sts-4.24.0.RELEASE\plugins\org.eclipse.justj.openjdk.hotspot.jre.full.win32.x86_64_21.0.3.v20240426-1530\jre\bin\instrument.dll
0x00007ffa02f70000 - 0x00007ffa02f8f000 	C:\Users\PRASANTH\Downloads\sts-4.24.0.RELEASE\plugins\org.eclipse.justj.openjdk.hotspot.jre.full.win32.x86_64_21.0.3.v20240426-1530\jre\bin\java.dll
0x00007ff9ead40000 - 0x00007ff9ead58000 	C:\Users\PRASANTH\Downloads\sts-4.24.0.RELEASE\plugins\org.eclipse.justj.openjdk.hotspot.jre.full.win32.x86_64_21.0.3.v20240426-1530\jre\bin\zip.dll
0x00007ffa5c160000 - 0x00007ffa5c8b1000 	C:\WINDOWS\System32\SHELL32.dll
0x00007ffa5a2b0000 - 0x00007ffa5a41b000 	C:\WINDOWS\System32\wintypes.dll
0x00007ffa57ca0000 - 0x00007ffa584ff000 	C:\WINDOWS\SYSTEM32\windows.storage.dll
0x00007ffa5cbb0000 - 0x00007ffa5cca2000 	C:\WINDOWS\System32\SHCORE.dll
0x00007ffa5ce50000 - 0x00007ffa5ceb2000 	C:\WINDOWS\System32\shlwapi.dll
0x00007ffa59fa0000 - 0x00007ffa59fc8000 	C:\WINDOWS\SYSTEM32\profapi.dll
0x00007ffa54920000 - 0x00007ffa5492b000 	C:\Users\PRASANTH\Downloads\sts-4.24.0.RELEASE\plugins\org.eclipse.justj.openjdk.hotspot.jre.full.win32.x86_64_21.0.3.v20240426-1530\jre\bin\dt_socket.dll
0x00007ffa58810000 - 0x00007ffa58844000 	C:\WINDOWS\SYSTEM32\IPHLPAPI.DLL
0x00007ffa593c0000 - 0x00007ffa5942b000 	C:\WINDOWS\system32\mswsock.dll
0x00007ffa58850000 - 0x00007ffa58975000 	C:\WINDOWS\SYSTEM32\DNSAPI.dll
0x00007ffa5cb40000 - 0x00007ffa5cb4a000 	C:\WINDOWS\System32\NSI.dll
0x00007ffa3f260000 - 0x00007ffa3f26b000 	C:\Windows\System32\rasadhlp.dll
0x00007ffa504f0000 - 0x00007ffa50576000 	C:\WINDOWS\System32\fwpuclnt.dll
0x00007ffa29090000 - 0x00007ffa290a0000 	C:\Users\PRASANTH\Downloads\sts-4.24.0.RELEASE\plugins\org.eclipse.justj.openjdk.hotspot.jre.full.win32.x86_64_21.0.3.v20240426-1530\jre\bin\net.dll
0x00007ffa530c0000 - 0x00007ffa531e0000 	C:\WINDOWS\SYSTEM32\WINHTTP.dll
0x00007ff9ebb70000 - 0x00007ff9ebb86000 	C:\Users\PRASANTH\Downloads\sts-4.24.0.RELEASE\plugins\org.eclipse.justj.openjdk.hotspot.jre.full.win32.x86_64_21.0.3.v20240426-1530\jre\bin\nio.dll
0x00007ffa3fb50000 - 0x00007ffa3fb5a000 	C:\Users\PRASANTH\Downloads\sts-4.24.0.RELEASE\plugins\org.eclipse.justj.openjdk.hotspot.jre.full.win32.x86_64_21.0.3.v20240426-1530\jre\bin\management.dll
0x00007ffa3fb40000 - 0x00007ffa3fb4b000 	C:\Users\PRASANTH\Downloads\sts-4.24.0.RELEASE\plugins\org.eclipse.justj.openjdk.hotspot.jre.full.win32.x86_64_21.0.3.v20240426-1530\jre\bin\management_ext.dll
0x00007ffa5ca20000 - 0x00007ffa5ca28000 	C:\WINDOWS\System32\PSAPI.DLL
0x00007ffa39b40000 - 0x00007ffa39b58000 	C:\WINDOWS\system32\napinsp.dll
0x00007ffa38ee0000 - 0x00007ffa38ef2000 	C:\WINDOWS\System32\winrnr.dll
0x00007ffa38eb0000 - 0x00007ffa38ed8000 	C:\WINDOWS\system32\nlansp_c.dll
0x00007ffa38750000 - 0x00007ffa38766000 	C:\WINDOWS\system32\wshbth.dll
0x00007ffa59670000 - 0x00007ffa5968b000 	C:\WINDOWS\SYSTEM32\CRYPTSP.dll
0x00007ffa58d90000 - 0x00007ffa58dcb000 	C:\WINDOWS\system32\rsaenh.dll
0x00007ffa59460000 - 0x00007ffa5948b000 	C:\WINDOWS\SYSTEM32\USERENV.dll
0x00007ffa59f70000 - 0x00007ffa59f96000 	C:\WINDOWS\SYSTEM32\bcrypt.dll
0x00007ffa59690000 - 0x00007ffa5969c000 	C:\WINDOWS\SYSTEM32\CRYPTBASE.dll
0x00007ffa3fb30000 - 0x00007ffa3fb39000 	C:\Users\PRASANTH\Downloads\sts-4.24.0.RELEASE\plugins\org.eclipse.justj.openjdk.hotspot.jre.full.win32.x86_64_21.0.3.v20240426-1530\jre\bin\extnet.dll
0x00007ffa23270000 - 0x00007ffa23280000 	C:\Users\PRASANTH\Downloads\sts-4.24.0.RELEASE\plugins\org.eclipse.justj.openjdk.hotspot.jre.full.win32.x86_64_21.0.3.v20240426-1530\jre\bin\verify.dll
0x00007ffa35c60000 - 0x00007ffa35c6e000 	C:\Users\PRASANTH\Downloads\sts-4.24.0.RELEASE\plugins\org.eclipse.justj.openjdk.hotspot.jre.full.win32.x86_64_21.0.3.v20240426-1530\jre\bin\sunmscapi.dll
0x00007ffa5a130000 - 0x00007ffa5a2a7000 	C:\WINDOWS\System32\CRYPT32.dll
0x00007ffa59890000 - 0x00007ffa598c0000 	C:\WINDOWS\SYSTEM32\ncrypt.dll
0x00007ffa59840000 - 0x00007ffa5987f000 	C:\WINDOWS\SYSTEM32\NTASN1.dll
0x00007ff9c8480000 - 0x00007ff9c8488000 	C:\WINDOWS\system32\wshunix.dll

dbghelp: loaded successfully - version: 4.0.5 - missing functions: none
symbol engine: initialized successfully - sym options: 0x614 - pdb path: .;C:\Users\PRASANTH\Downloads\sts-4.24.0.RELEASE\plugins\org.eclipse.justj.openjdk.hotspot.jre.full.win32.x86_64_21.0.3.v20240426-1530\jre\bin;C:\WINDOWS\SYSTEM32;C:\WINDOWS\WinSxS\amd64_microsoft.windows.common-controls_6595b64144ccf1df_6.0.26100.6682_none_3e0e9e60e32ebb61;C:\Users\PRASANTH\Downloads\sts-4.24.0.RELEASE\plugins\org.eclipse.justj.openjdk.hotspot.jre.full.win32.x86_64_21.0.3.v20240426-1530\jre\bin\server

VM Arguments:
jvm_args: -XX:+ShowCodeDetailsInExceptionMessages -agentlib:jdwp=transport=dt_socket,suspend=y,address=localhost:58542 -Dcom.sun.management.jmxremote -Dcom.sun.management.jmxremote.port=58540 -Dcom.sun.management.jmxremote.authenticate=false -Dcom.sun.management.jmxremote.ssl=false -Djava.rmi.server.hostname=localhost -Dspring.jmx.enabled=true -Dmanagement.endpoints.jmx.exposure.include=* -Dspring.application.admin.enabled=true -XX:TieredStopAtLevel=1 -Dspring.boot.project.name=food -javaagent:C:\Users\PRASANTH\Downloads\sts-4.24.0.RELEASE\configuration\org.eclipse.osgi\270\0\.cp\lib\javaagent-shaded.jar -Dfile.encoding=UTF-8 -Dstdout.encoding=UTF-8 -Dstderr.encoding=UTF-8 
java_command: com.food.FoodApplication --spring.output.ansi.enabled=always
java_class_path (initial): C:\Users\PRASANTH\Desktop\Food\food\target\classes;C:\Users\PRASANTH\.m2\repository\org\springframework\boot\spring-boot-starter-data-jpa\3.5.7\spring-boot-starter-data-jpa-3.5.7.jar;C:\Users\PRASANTH\.m2\repository\org\springframework\boot\spring-boot-starter\3.5.7\spring-boot-starter-3.5.7.jar;C:\Users\PRASANTH\.m2\repository\org\springframework\boot\spring-boot-starter-logging\3.5.7\spring-boot-starter-logging-3.5.7.jar;C:\Users\PRASANTH\.m2\repository\ch\qos\logback\logback-classic\1.5.20\logback-classic-1.5.20.jar;C:\Users\PRASANTH\.m2\repository\ch\qos\logback\logback-core\1.5.20\logback-core-1.5.20.jar;C:\Users\PRASANTH\.m2\repository\org\apache\logging\log4j\log4j-to-slf4j\2.24.3\log4j-to-slf4j-2.24.3.jar;C:\Users\PRASANTH\.m2\repository\org\apache\logging\log4j\log4j-api\2.24.3\log4j-api-2.24.3.jar;C:\Users\PRASANTH\.m2\repository\org\slf4j\jul-to-slf4j\2.0.17\jul-to-slf4j-2.0.17.jar;C:\Users\PRASANTH\.m2\repository\jakarta\annotation\jakarta.annotation-api\2.1.1\jakarta.annotation-api-2.1.1.jar;C:\Users\PRASANTH\.m2\repository\org\yaml\snakeyaml\2.4\snakeyaml-2.4.jar;C:\Users\PRASANTH\.m2\repository\org\springframework\boot\spring-boot-starter-jdbc\3.5.7\spring-boot-starter-jdbc-3.5.7.jar;C:\Users\PRASANTH\.m2\repository\com\zaxxer\HikariCP\6.3.3\HikariCP-6.3.3.jar;C:\Users\PRASANTH\.m2\repository\org\springframework\spring-jdbc\6.2.12\spring-jdbc-6.2.12.jar;C:\Users\PRASANTH\.m2\repository\org\hibernate\orm\hibernate-core\6.6.33.Final\hibernate-core-6.6.33.Final.jar;C:\Users\PRASANTH\.m2\repository\jakarta\persistence\jakarta.persistence-api\3.1.0\jakarta.persistence-api-3.1.0.jar;C:\Users\PRASANTH\.m2\repository\jakarta\transaction\jakarta.transaction-api\2.0.1\jakarta.transaction-api-2.0.1.jar;C:\Users\PRASANTH\.m2\repository\org\jboss\logging\jboss-logging\3.6.1.Final\jboss-logging-3.6.1.Final.jar;C:\Users\PRASANTH\.m2\repository\org\hibernate\common\hibernate-commons-annotations\7.0.3.Final\hibernate-commons-annotations-7.0.3.Final.jar;C:\Users\PRASANTH\.m2\repository\io\smallrye\jandex\3.2.0\jandex-3.2.0.jar;C:\Users\PRASANTH\.m2\repository\com\fasterxml\classmate\1.7.1\classmate-1.7.1.jar;C:\Users\PRASANTH\.m2\repository\net\bytebuddy\byte-buddy\1.17.8\byte-buddy-1.17.8.jar;C:\Users\PRASANTH\.m2\repository\org\glassfish\jaxb\jaxb-runtime\4.0.6\jaxb-runtime-4.0.6.jar;C:\Users\PRASANTH\.m2\repository\org\glassfish\jaxb\jaxb-core\4.0.6\jaxb-core-4.0.6.jar;C:\Users\PRASANTH\.m2\repository\org\eclipse\angus\angus-activation\2.0.3\angus-activation-2.0.3.jar;C:\Users\PRASANTH\.m2\repository\org\glassfish\jaxb\txw2\4.0.6\txw2-4.0.6.jar;C:\Users\PRASANTH\.m2\repository\com\sun\istack\istack-commons-runtime\4.1.2\istack-commons-runtime-4.1.2.jar;C:\Users\PRASANTH\.m2\repository\jakarta\inject\jakarta.inject-api\2.0.1\jakarta.inject-api-2.0.1.jar;C:\Users\PRASANTH\.m2\repository\org\antlr\antlr4-runtime\4.13.0\antlr4-runtime-4.13.0.jar;C:\Users\PRASANTH\.m2\repository\org\springframework\data\spring-data-jpa\3.5.5\spring-data-jpa-3.5.5.jar;C:\Users\PRASANTH\.m2\repository\org\springframework\data\spring-data-commons\3.5.5\spring-data-commons-3.5.5.jar;C:\Users\PRASANTH\.m2\repository\org\springframework\spring-orm\6.2.12\spring-orm-6.2.12.jar;C:\Users\PRASANTH\.m2\repository\org\springframework\spring-context\6.2.12\spring-context-6.2.12.jar;C:\Users\PRASANTH\.m2\repository\org\springframework\spring-aop\6.2.12\spring-aop-6.2.12.jar;C:\Users\PRASANTH\.m2\repository\org\springframework\spring-tx\6.2.12\spring-tx-6.2.12.jar;C:\Users\PRASANTH\.m2\repository\org\springframework\spring-beans\6.2.12\spring-beans-6.2.12.jar;C:\Users\PRASANTH\.m2\repository\org\slf4j\slf4j-api\2.0.17\slf4j-api-2.0.17.jar;C:\Users\PRASANTH\.m2\repository\org\springframework\spring-aspects\6.2.12\spring-aspects-6.2.12.jar;C:\Users\PRASANTH\.m2\repository\org\aspectj\aspectjweaver\1.9.24\aspectjweaver-1.9.24.jar;C:\Users\PRASANTH\.m2\repository\org\springframework\boot\spring-boot-starter-web\3.5.7\spring-boot-starter-web-3.5.7.jar;C:\Users\PRASANTH\.m2\repository\org\springframework\boot\spring-boot-starter-json\3.5.7\spring-boot-starter-json-3.5.7.jar;C:\Users\PRASANTH\.m2\repository\com\fasterxml\jackson\datatype\jackson-datatype-jdk8\2.19.2\jackson-datatype-jdk8-2.19.2.jar;C:\Users\PRASANTH\.m2\repository\com\fasterxml\jackson\datatype\jackson-datatype-jsr310\2.19.2\jackson-datatype-jsr310-2.19.2.jar;C:\Users\PRASANTH\.m2\repository\com\fasterxml\jackson\module\jackson-module-parameter-names\2.19.2\jackson-module-parameter-names-2.19.2.jar;C:\Users\PRASANTH\.m2\repository\org\springframework\boot\spring-boot-starter-tomcat\3.5.7\spring-boot-starter-tomcat-3.5.7.jar;C:\Users\PRASANTH\.m2\repository\org\apache\tomcat\embed\tomcat-embed-core\10.1.48\tomcat-embed-core-10.1.48.jar;C:\Users\PRASANTH\.m2\repository\org\apache\tomcat\embed\tomcat-embed-el\10.1.48\tomcat-embed-el-10.1.48.jar;C:\Users\PRASANTH\.m2\repository\org\apache\tomcat\embed\tomcat-embed-websocket\10.1.48\tomcat-embed-websocket-10.1.48.jar;C:\Users\PRASANTH\.m2\repository\org\springframework\spring-web\6.2.12\spring-web-6.2.12.jar;C:\Users\PRASANTH\.m2\repository\io\micrometer\micrometer-observation\1.15.5\micrometer-observation-1.15.5.jar;C:\Users\PRASANTH\.m2\repository\io\micrometer\micrometer-commons\1.15.5\micrometer-commons-1.15.5.jar;C:\Users\PRASANTH\.m2\repository\org\springframework\spring-webmvc\6.2.12\spring-webmvc-6.2.12.jar;C:\Users\PRASANTH\.m2\repository\org\springframework\spring-expression\6.2.12\spring-expression-6.2.12.jar;C:\Users\PRASANTH\.m2\repository\org\springframework\boot\spring-boot-devtools\3.5.7\spring-boot-devtools-3.5.7.jar;C:\Users\PRASANTH\.m2\repository\org\springframework\boot\spring-boot\3.5.7\spring-boot-3.5.7.jar;C:\Users\PRASANTH\.m2\repository\org\springframework\boot\spring-boot-autoconfigure\3.5.7\spring-boot-autoconfigure-3.5.7.jar;C:\Users\PRASANTH\.m2\repository\com\mysql\mysql-connector-j\9.4.0\mysql-connector-j-9.4.0.jar;C:\Users\PRASANTH\.m2\repository\org\projectlombok\lombok\1.18.42\lombok-1.18.42.jar;C:\Users\PRASANTH\.m2\repository\jakarta\xml\bind\jakarta.xml.bind-api\4.0.4\jakarta.xml.bind-api-4.0.4.jar;C:\Users\PRASANTH\.m2\repository\jakarta\activation\jakarta.activation-api\2.1.4\jakarta.activation-api-2.1.4.jar;C:\Users\PRASANTH\.m2\repository\org\springframework\spring-core\6.2.12\spring-core-6.2.12.jar;C:\Users\PRASANTH\.m2\repository\org\springframework\spring-jcl\6.2.12\spring-jcl-6.2.12.jar;C:\Users\PRASANTH\.m2\repository\io\minio\minio\8.5.2\minio-8.5.2.jar;C:\Users\PRASANTH\.m2\repository\com\carrotsearch\thirdparty\simple-xml-safe\2.7.1\simple-xml-safe-2.7.1.jar;C:\Users\PRASANTH\.m2\repository\com\google\guava\guava\30.1.1-jre\guava-30.1.1-jre.jar;C:\Users\PRASANTH\.m2\repository\com\google\guava\failureaccess\1.0.1\failureaccess-1.0.1.jar;C:\Users\PRASANTH\.m2\repository\com\google\guava\listenablefuture\9999.0-empty-to-avoid-conflict-with-guava\listenablefuture-9999.0-empty-to-avoid-conflict-with-guava.jar;C:\Users\PRASANTH\.m2\repository\com\google\code\findbugs\jsr305\3.0.2\jsr305-3.0.2.jar;C:\Users\PRASANTH\.m2\repository\org\checkerframework\checker-qual\3.8.0\checker-qual-3.8.0.jar;C:\Users\PRASANTH\.m2\repository\com\google\errorprone\error_prone_annotations\2.5.1\error_prone_annotations-2.5.1.jar;C:\Users\PRASANTH\.m2\repository\com\google\j2objc\j2objc-annotations\1.3\j2objc-annotations-1.3.jar;C:\Users\PRASANTH\.m2\repository\com\squareup\okhttp3\okhttp\4.10.0\okhttp-4.10.0.jar;C:\Users\PRASANTH\.m2\repository\com\squareup\okio\okio-jvm\3.0.0\okio-jvm-3.0.0.jar;C:\Users\PRASANTH\.m2\repository\org\jetbrains\kotlin\kotlin-stdlib-jdk8\1.9.25\kotlin-stdlib-jdk8-1.9.25.jar;C:\Users\PRASANTH\.m2\repository\org\jetbrains\kotlin\kotlin-stdlib-jdk7\1.9.25\kotlin-stdlib-jdk7-1.9.25.jar;C:\Users\PRASANTH\.m2\repository\org\jetbrains\kotlin\kotlin-stdlib-common\1.9.25\kotlin-stdlib-common-1.9.25.jar;C:\Users\PRASANTH\.m2\repository\org\jetbrains\kotlin\kotlin-stdlib\1.9.25\kotlin-stdlib-1.9.25.jar;C:\Users\PRASANTH\.m2\repository\org\jetbrains\annotations\13.0\annotations-13.0.jar;C:\Users\PRASANTH\.m2\repository\com\fasterxml\jackson\core\jackson-annotations\2.19.2\jackson-annotations-2.19.2.jar;C:\Users\PRASANTH\.m2\repository\com\fasterxml\jackson\core\jackson-core\2.19.2\jackson-core-2.19.2.jar;C:\Users\PRASANTH\.m2\repository\com\fasterxml\jackson\core\jackson-databind\2.19.2\jackson-databind-2.19.2.jar;C:\Users\PRASANTH\.m2\repository\org\bouncycastle\bcprov-jdk15on\1.69\bcprov-jdk15on-1.69.jar;C:\Users\PRASANTH\.m2\repository\org\apache\commons\commons-compress\1.21\commons-compress-1.21.jar;C:\Users\PRASANTH\.m2\repository\org\xerial\snappy\snappy-java\1.1.8.4\snappy-java-1.1.8.4.jar
Launcher Type: SUN_STANDARD

[Global flags]
     intx CICompilerCount                          = 4                                         {product} {ergonomic}
     uint ConcGCThreads                            = 3                                         {product} {ergonomic}
     uint G1ConcRefinementThreads                  = 10                                        {product} {ergonomic}
   size_t G1HeapRegionSize                         = 1048576                                   {product} {ergonomic}
    uintx GCDrainStackTargetSize                   = 64                                        {product} {ergonomic}
   size_t InitialHeapSize                          = 123731968                                 {product} {ergonomic}
     bool ManagementServer                         = true                                      {product} {command line}
   size_t MarkStackSize                            = 4194304                                   {product} {ergonomic}
   size_t MaxHeapSize                              = 1977614336                                {product} {ergonomic}
   size_t MaxNewSize                               = 1185939456                                {product} {ergonomic}
   size_t MinHeapDeltaBytes                        = 1048576                                   {product} {ergonomic}
   size_t MinHeapSize                              = 8388608                                   {product} {ergonomic}
    uintx NonNMethodCodeHeapSize                   = 4096                                   {pd product} {ergonomic}
    uintx NonProfiledCodeHeapSize                  = 0                                      {pd product} {ergonomic}
     bool ProfileInterpreter                       = false                                  {pd product} {command line}
    uintx ProfiledCodeHeapSize                     = 0                                      {pd product} {ergonomic}
     bool ShowCodeDetailsInExceptionMessages       = true                                   {manageable} {command line}
   size_t SoftMaxHeapSize                          = 1977614336                             {manageable} {ergonomic}
     intx TieredStopAtLevel                        = 1                                         {product} {command line}
     bool UseCompressedOops                        = true                           {product lp64_product} {ergonomic}
     bool UseG1GC                                  = true                                      {product} {ergonomic}
     bool UseLargePagesIndividualAllocation        = false                                  {pd product} {ergonomic}

Logging:
Log output configuration:
 #0: stdout all=warning uptime,level,tags foldmultilines=false
 #1: stderr all=off uptime,level,tags foldmultilines=false

Environment Variables:
PATH=C:\Users\PRASANTH\Downloads\sts-4.24.0.RELEASE\plugins\org.eclipse.justj.openjdk.hotspot.jre.full.win32.x86_64_21.0.3.v20240426-1530\jre\bin;C:/Users/PRASANTH/Downloads/sts-4.24.0.RELEASE//plugins/org.eclipse.justj.openjdk.hotspot.jre.full.win32.x86_64_21.0.3.v20240426-1530/jre/bin/server;C:/Users/PRASANTH/Downloads/sts-4.24.0.RELEASE//plugins/org.eclipse.justj.openjdk.hotspot.jre.full.win32.x86_64_21.0.3.v20240426-1530/jre/bin;C:\Program Files\Common Files\Oracle\Java\javapath;C:\Python310\Scripts\;C:\Python310\;C:\Program Files\Python310\Scripts\;C:\Program Files\Python310\;C:\windows\system32;C:\windows;C:\windows\System32\Wbem;C:\windows\System32\WindowsPowerShell\v1.0\;C:\windows\System32\OpenSSH\;C:\Program Files (x86)\NVIDIA Corporation\PhysX\Common;C:\Program Files\NVIDIA Corporation\NVIDIA NvDLISR;C:\WINDOWS\system32;C:\WINDOWS;C:\WINDOWS\System32\Wbem;C:\WINDOWS\System32\WindowsPowerShell\v1.0\;C:\WINDOWS\System32\OpenSSH\;C:\Program Files (x86)\MATLAB\R2009a\bin;C:\Program Files (x86)\MATLAB\R2009a\bin\win32;C:\ProgramData\chocolatey\bin;C:\Program Files\dotnet\;C:\Program Files (x86)\dotnet\;C:\Program Files\HP\HP One Agent;C:\WINDOWS\system32;C:\WINDOWS;C:\WINDOWS\System32\Wbem;C:\WINDOWS\System32\WindowsPowerShell\v1.0\;C:\WINDOWS\System32\OpenSSH\;C:\Program Files\Git\cmd;C:\Program Files (x86)\Git\cmd;%JAVA_HOME%\bin;C:\softwares\apache-maven-3.8.8\bin;C:\Program Files\nodejs\;C:\Program Files\Docker\Docker\resources\bin;C:\Program Files\PuTTY\;C:\Program Files\Tesseract-OCR;C:\Program Files\PowerShell\7\;C:\Android\Sdk\platform-tools;C:\Android\Sdk\emulator;C:\Users\PRASANTH\AppData\Local\Programs\Python\Python313\Scripts\;C:\Users\PRASANTH\AppData\Local\Programs\Python\Python313\;C:\Program Files\MySQL\MySQL Shell 8.0\bin\;C:\MinGW\bin;C:\Users\PRASANTH\AppData\Local\Programs\Microsoft VS Code\bin;C:\Users\PRASANTH\AppData\Local\Microsoft\WindowsApps;;C:\Program Files\JetBrains\IntelliJ IDEA Community Edition 2024.1\bin;;C:\Program Files\JetBrains\PyCharm 2024.1\bin;;C:\Program Files\JetBrains\PyCharm Community Edition 2024.1\bin;;C:\Users\PRASANTH\AppData\Roaming\npm;C:\Users\PRASANTH\Downloads\sts-4.24.0.RELEASE;
USERNAME=PRASANTH
OS=Windows_NT
PROCESSOR_IDENTIFIER=AMD64 Family 23 Model 96 Stepping 1, AuthenticAMD
TMP=C:\Users\PRASANTH\AppData\Local\Temp
TEMP=C:\Users\PRASANTH\AppData\Local\Temp




Periodic native trim disabled

---------------  S Y S T E M  ---------------

OS:
 Windows 11 , 64 bit Build 26100 (10.0.26100.6690)
OS uptime: 0 days 0:47 hours
Hyper-V role detected

CPU: total 12 (initial active 12) (12 cores per cpu, 2 threads per core) family 23 model 96 stepping 1 microcode 0x860010c, cx8, cmov, fxsr, ht, mmx, 3dnowpref, sse, sse2, sse3, ssse3, sse4a, sse4.1, sse4.2, popcnt, lzcnt, tsc, tscinvbit, avx, avx2, aes, clmul, bmi1, bmi2, adx, sha, fma, vzeroupper, clflush, clflushopt, hv, rdtscp, rdpid, f16c
Processor Information for all 12 processors :
  Max Mhz: 3000, Current Mhz: 3000, Mhz Limit: 3000

Memory: 4k page, system-wide physical 7539M (1190M free)
TotalPageFile size 21875M (AvailPageFile size 9554M)
current process WorkingSet (physical memory assigned to process): 317M, peak: 329M
current process commit charge ("private bytes"): 362M, peak: 379M

vm_info: OpenJDK 64-Bit Server VM (21.0.3+9-LTS) for windows-amd64 JRE (21.0.3+9-LTS), built on 2024-04-16T00:00:00Z by "admin" with MS VC++ 17.7 (VS2022)

END.
